#
# There is insufficient memory for the Java Runtime Environment to continue.
# Native memory allocation (malloc) failed to allocate 435440 bytes for Chunk::new
# Possible reasons:
#   The system is out of physical RAM or swap space
#   The process is running with CompressedOops enabled, and the Java Heap may be blocking the growth of the native heap
# Possible solutions:
#   Reduce memory load on the system
#   Increase physical memory or swap space
#   Check if swap backing store is full
#   Decrease Java heap size (-Xmx/-Xms)
#   Decrease number of Java threads
#   Decrease Java thread stack sizes (-Xss)
#   Set larger code cache with -XX:ReservedCodeCacheSize=
#   JVM is running with Unscaled Compressed Oops mode in which the Java heap is
#     placed in the first 4GB address space. The Java Heap base address is the
#     maximum limit for the native heap growth. Please use -XX:HeapBaseMinAddress
#     to set the Java Heap base and to place the Java Heap above 4GB virtual address.
# This output file may be truncated or incomplete.
#
#  Out of Memory Error (arena.cpp:189), pid=14200, tid=12468
#
# JRE version: Java(TM) SE Runtime Environment (17.0.10+11) (build 17.0.10+11-LTS-240)
# Java VM: Java HotSpot(TM) 64-Bit Server VM (17.0.10+11-LTS-240, mixed mode, sharing, tiered, compressed oops, compressed class ptrs, g1 gc, windows-amd64)
# No core dump will be written. Minidumps are not enabled by default on client versions of Windows
#

---------------  S U M M A R Y ------------

Command Line: -javaagent:D:\Apps\IntelliJ IDEA Community Edition 2024.1.1\lib\idea_rt.jar=53543:D:\Apps\IntelliJ IDEA Community Edition 2024.1.1\bin -Dfile.encoding=UTF-8 com.example.TastyKing.TastyKingApplication

Host: AMD Ryzen 5 7535HS with Radeon Graphics        , 12 cores, 7G,  Windows 11 , 64 bit Build 22621 (10.0.22621.3672)
Time: Thu Jul  4 09:54:04 2024 SE Asia Standard Time elapsed time: 1.915806 seconds (0d 0h 0m 1s)

---------------  T H R E A D  ---------------

Current thread (0x0000014925fa1890):  JavaThread "C2 CompilerThread0" daemon [_thread_in_native, id=12468, stack(0x00000017c4200000,0x00000017c4300000)]


Current CompileTask:
C2:   1915 2443       4       java.util.Properties::loadConvert (540 bytes)

Stack: [0x00000017c4200000,0x00000017c4300000]
Native frames: (J=compiled Java code, j=interpreted, Vv=VM code, C=native code)
V  [jvm.dll+0x677a5a]
V  [jvm.dll+0x7d8b2d]
V  [jvm.dll+0x7da48e]
V  [jvm.dll+0x7daaf3]
V  [jvm.dll+0x2455ff]
V  [jvm.dll+0xaaafb]
V  [jvm.dll+0xab09c]
V  [jvm.dll+0x361bae]
V  [jvm.dll+0x32c211]
V  [jvm.dll+0x32b6aa]
V  [jvm.dll+0x21794f]
V  [jvm.dll+0x216d81]
V  [jvm.dll+0x1a3410]
V  [jvm.dll+0x226aeb]
V  [jvm.dll+0x224cab]
V  [jvm.dll+0x78e45c]
V  [jvm.dll+0x78888a]
V  [jvm.dll+0x676935]
C  [ucrtbase.dll+0x29333]
C  [KERNEL32.DLL+0x1257d]
C  [ntdll.dll+0x5af28]


---------------  P R O C E S S  ---------------

Threads class SMR info:
_java_thread_list=0x000001496cae5bf0, length=14, elements={
0x00000149081060d0, 0x0000014925f895e0, 0x0000014925f8a370, 0x0000014925f9a840,
0x0000014925f9d330, 0x0000014925f9de00, 0x0000014925fa0be0, 0x0000014925fa1890,
0x0000014925fa2660, 0x0000014925fa8480, 0x00000149261aafd0, 0x00000149262337c0,
0x00000149261ab4e0, 0x00000149261ad340
}

Java Threads: ( => current thread )
  0x00000149081060d0 JavaThread "main" [_thread_in_vm, id=3676, stack(0x00000017c3500000,0x00000017c3600000)]
  0x0000014925f895e0 JavaThread "Reference Handler" daemon [_thread_blocked, id=24544, stack(0x00000017c3c00000,0x00000017c3d00000)]
  0x0000014925f8a370 JavaThread "Finalizer" daemon [_thread_blocked, id=15664, stack(0x00000017c3d00000,0x00000017c3e00000)]
  0x0000014925f9a840 JavaThread "Signal Dispatcher" daemon [_thread_blocked, id=24552, stack(0x00000017c3e00000,0x00000017c3f00000)]
  0x0000014925f9d330 JavaThread "Attach Listener" daemon [_thread_blocked, id=22992, stack(0x00000017c3f00000,0x00000017c4000000)]
  0x0000014925f9de00 JavaThread "Service Thread" daemon [_thread_blocked, id=15088, stack(0x00000017c4000000,0x00000017c4100000)]
  0x0000014925fa0be0 JavaThread "Monitor Deflation Thread" daemon [_thread_blocked, id=5152, stack(0x00000017c4100000,0x00000017c4200000)]
=>0x0000014925fa1890 JavaThread "C2 CompilerThread0" daemon [_thread_in_native, id=12468, stack(0x00000017c4200000,0x00000017c4300000)]
  0x0000014925fa2660 JavaThread "C1 CompilerThread0" daemon [_thread_blocked, id=2020, stack(0x00000017c4300000,0x00000017c4400000)]
  0x0000014925fa8480 JavaThread "Sweeper thread" daemon [_thread_blocked, id=21760, stack(0x00000017c4400000,0x00000017c4500000)]
  0x00000149261aafd0 JavaThread "Common-Cleaner" daemon [_thread_blocked, id=22920, stack(0x00000017c4500000,0x00000017c4600000)]
  0x00000149262337c0 JavaThread "C2 CompilerThread1" daemon [_thread_in_native, id=9220, stack(0x00000017c4600000,0x00000017c4700000)]
  0x00000149261ab4e0 JavaThread "Monitor Ctrl-Break" daemon [_thread_in_native, id=20096, stack(0x00000017c4700000,0x00000017c4800000)]
  0x00000149261ad340 JavaThread "Notification Thread" daemon [_thread_blocked, id=244, stack(0x00000017c4800000,0x00000017c4900000)]

Other Threads:
  0x0000014925f84ac0 VMThread "VM Thread" [stack: 0x00000017c3b00000,0x00000017c3c00000] [id=11100]
  0x0000014908185aa0 WatcherThread [stack: 0x00000017c4900000,0x00000017c4a00000] [id=14500]
  0x000001490815bdd0 GCTaskThread "GC Thread#0" [stack: 0x00000017c3600000,0x00000017c3700000] [id=14304]
  0x0000014926b4c2d0 GCTaskThread "GC Thread#1" [stack: 0x00000017c4a00000,0x00000017c4b00000] [id=25776]
  0x000001496c133230 GCTaskThread "GC Thread#2" [stack: 0x00000017c4b00000,0x00000017c4c00000] [id=24588]
  0x000001496c19acf0 GCTaskThread "GC Thread#3" [stack: 0x00000017c4c00000,0x00000017c4d00000] [id=21788]
  0x000001496c19afb0 GCTaskThread "GC Thread#4" [stack: 0x00000017c4d00000,0x00000017c4e00000] [id=17128]
  0x000001496c19b270 GCTaskThread "GC Thread#5" [stack: 0x00000017c4e00000,0x00000017c4f00000] [id=17176]
  0x000001496c69d7f0 GCTaskThread "GC Thread#6" [stack: 0x00000017c5000000,0x00000017c5100000] [id=22696]
  0x000001496ca7db90 GCTaskThread "GC Thread#7" [stack: 0x00000017c5100000,0x00000017c5200000] [id=23848]
  0x000001496c9b81c0 GCTaskThread "GC Thread#8" [stack: 0x00000017c5200000,0x00000017c5300000] [id=23864]
  0x000001496cbf3720 GCTaskThread "GC Thread#9" [stack: 0x00000017c5300000,0x00000017c5400000] [id=12424]
  0x0000014905fad950 ConcurrentGCThread "G1 Main Marker" [stack: 0x00000017c3700000,0x00000017c3800000] [id=14776]
  0x0000014905fae360 ConcurrentGCThread "G1 Conc#0" [stack: 0x00000017c3800000,0x00000017c3900000] [id=26252]
  0x0000014925e434d0 ConcurrentGCThread "G1 Refine#0" [stack: 0x00000017c3900000,0x00000017c3a00000] [id=6484]
  0x00000149081baff0 ConcurrentGCThread "G1 Service" [stack: 0x00000017c3a00000,0x00000017c3b00000] [id=12444]

Threads with active compile tasks:
C2 CompilerThread0     1969 2443       4       java.util.Properties::loadConvert (540 bytes)
C2 CompilerThread1     1969 2517       4       jdk.internal.org.objectweb.asm.Frame::push (109 bytes)

VM state: not at safepoint (normal execution)

VM Mutex/Monitor currently owned by a thread: None

Heap address: 0x000000008ce00000, size: 1842 MB, Compressed Oops mode: 32-bit

CDS archive(s) mapped at: [0x0000014927000000-0x0000014927bd0000-0x0000014927bd0000), size 12386304, SharedBaseAddress: 0x0000014927000000, ArchiveRelocationMode: 1.
Compressed class space mapped at: 0x0000014928000000-0x0000014968000000, reserved size: 1073741824
Narrow klass base: 0x0000014927000000, Narrow klass shift: 0, Narrow klass range: 0x100000000

GC Precious Log:
 CPUs: 12 total, 12 available
 Memory: 7365M
 Large Page Support: Disabled
 NUMA Support: Disabled
 Compressed Oops: Enabled (32-bit)
 Heap Region Size: 1M
 Heap Min Capacity: 8M
 Heap Initial Capacity: 116M
 Heap Max Capacity: 1842M
 Pre-touch: Disabled
 Parallel Workers: 10
 Concurrent Workers: 3
 Concurrent Refinement Workers: 10
 Periodic GC: Disabled

Heap:
 garbage-first heap   total 118784K, used 47810K [0x000000008ce00000, 0x0000000100000000)
  region size 1024K, 42 young (43008K), 3 survivors (3072K)
 Metaspace       used 20225K, committed 20416K, reserved 1114112K
  class space    used 2556K, committed 2624K, reserved 1048576K

Heap Regions: E=young(eden), S=young(survivor), O=old, HS=humongous(starts), HC=humongous(continues), CS=collection set, F=free, OA=open archive, CA=closed archive, TAMS=top-at-mark-start (previous, next)
|   0|0x000000008ce00000, 0x000000008cf00000, 0x000000008cf00000|100%|HS|  |TAMS 0x000000008ce00000, 0x000000008ce00000| Complete 
|   1|0x000000008cf00000, 0x000000008d000000, 0x000000008d000000|100%| O|  |TAMS 0x000000008cf00000, 0x000000008cf00000| Untracked 
|   2|0x000000008d000000, 0x000000008d100000, 0x000000008d100000|100%| O|  |TAMS 0x000000008d000000, 0x000000008d000000| Untracked 
|   3|0x000000008d100000, 0x000000008d200000, 0x000000008d200000|100%| O|  |TAMS 0x000000008d100000, 0x000000008d100000| Untracked 
|   4|0x000000008d200000, 0x000000008d300000, 0x000000008d300000|100%| O|  |TAMS 0x000000008d200000, 0x000000008d200000| Untracked 
|   5|0x000000008d300000, 0x000000008d400000, 0x000000008d400000|100%| O|  |TAMS 0x000000008d300000, 0x000000008d300000| Untracked 
|   6|0x000000008d400000, 0x000000008d500000, 0x000000008d500000|100%| O|  |TAMS 0x000000008d400000, 0x000000008d400000| Untracked 
|   7|0x000000008d500000, 0x000000008d549600, 0x000000008d600000| 28%| O|  |TAMS 0x000000008d500000, 0x000000008d500000| Untracked 
|   8|0x000000008d600000, 0x000000008d600000, 0x000000008d700000|  0%| F|  |TAMS 0x000000008d600000, 0x000000008d600000| Untracked 
|   9|0x000000008d700000, 0x000000008d700000, 0x000000008d800000|  0%| F|  |TAMS 0x000000008d700000, 0x000000008d700000| Untracked 
|  10|0x000000008d800000, 0x000000008d800000, 0x000000008d900000|  0%| F|  |TAMS 0x000000008d800000, 0x000000008d800000| Untracked 
|  11|0x000000008d900000, 0x000000008d900000, 0x000000008da00000|  0%| F|  |TAMS 0x000000008d900000, 0x000000008d900000| Untracked 
|  12|0x000000008da00000, 0x000000008da00000, 0x000000008db00000|  0%| F|  |TAMS 0x000000008da00000, 0x000000008da00000| Untracked 
|  13|0x000000008db00000, 0x000000008db00000, 0x000000008dc00000|  0%| F|  |TAMS 0x000000008db00000, 0x000000008db00000| Untracked 
|  14|0x000000008dc00000, 0x000000008dc00000, 0x000000008dd00000|  0%| F|  |TAMS 0x000000008dc00000, 0x000000008dc00000| Untracked 
|  15|0x000000008dd00000, 0x000000008dd00000, 0x000000008de00000|  0%| F|  |TAMS 0x000000008dd00000, 0x000000008dd00000| Untracked 
|  16|0x000000008de00000, 0x000000008de00000, 0x000000008df00000|  0%| F|  |TAMS 0x000000008de00000, 0x000000008de00000| Untracked 
|  17|0x000000008df00000, 0x000000008df00000, 0x000000008e000000|  0%| F|  |TAMS 0x000000008df00000, 0x000000008df00000| Untracked 
|  18|0x000000008e000000, 0x000000008e000000, 0x000000008e100000|  0%| F|  |TAMS 0x000000008e000000, 0x000000008e000000| Untracked 
|  19|0x000000008e100000, 0x000000008e100000, 0x000000008e200000|  0%| F|  |TAMS 0x000000008e100000, 0x000000008e100000| Untracked 
|  20|0x000000008e200000, 0x000000008e200000, 0x000000008e300000|  0%| F|  |TAMS 0x000000008e200000, 0x000000008e200000| Untracked 
|  21|0x000000008e300000, 0x000000008e300000, 0x000000008e400000|  0%| F|  |TAMS 0x000000008e300000, 0x000000008e300000| Untracked 
|  22|0x000000008e400000, 0x000000008e400000, 0x000000008e500000|  0%| F|  |TAMS 0x000000008e400000, 0x000000008e400000| Untracked 
|  23|0x000000008e500000, 0x000000008e500000, 0x000000008e600000|  0%| F|  |TAMS 0x000000008e500000, 0x000000008e500000| Untracked 
|  24|0x000000008e600000, 0x000000008e600000, 0x000000008e700000|  0%| F|  |TAMS 0x000000008e600000, 0x000000008e600000| Untracked 
|  25|0x000000008e700000, 0x000000008e700000, 0x000000008e800000|  0%| F|  |TAMS 0x000000008e700000, 0x000000008e700000| Untracked 
|  26|0x000000008e800000, 0x000000008e800000, 0x000000008e900000|  0%| F|  |TAMS 0x000000008e800000, 0x000000008e800000| Untracked 
|  27|0x000000008e900000, 0x000000008e900000, 0x000000008ea00000|  0%| F|  |TAMS 0x000000008e900000, 0x000000008e900000| Untracked 
|  28|0x000000008ea00000, 0x000000008ea00000, 0x000000008eb00000|  0%| F|  |TAMS 0x000000008ea00000, 0x000000008ea00000| Untracked 
|  29|0x000000008eb00000, 0x000000008eb00000, 0x000000008ec00000|  0%| F|  |TAMS 0x000000008eb00000, 0x000000008eb00000| Untracked 
|  30|0x000000008ec00000, 0x000000008ec00000, 0x000000008ed00000|  0%| F|  |TAMS 0x000000008ec00000, 0x000000008ec00000| Untracked 
|  31|0x000000008ed00000, 0x000000008ed00000, 0x000000008ee00000|  0%| F|  |TAMS 0x000000008ed00000, 0x000000008ed00000| Untracked 
|  32|0x000000008ee00000, 0x000000008ee00000, 0x000000008ef00000|  0%| F|  |TAMS 0x000000008ee00000, 0x000000008ee00000| Untracked 
|  33|0x000000008ef00000, 0x000000008ef00000, 0x000000008f000000|  0%| F|  |TAMS 0x000000008ef00000, 0x000000008ef00000| Untracked 
|  34|0x000000008f000000, 0x000000008f000000, 0x000000008f100000|  0%| F|  |TAMS 0x000000008f000000, 0x000000008f000000| Untracked 
|  35|0x000000008f100000, 0x000000008f100000, 0x000000008f200000|  0%| F|  |TAMS 0x000000008f100000, 0x000000008f100000| Untracked 
|  36|0x000000008f200000, 0x000000008f200000, 0x000000008f300000|  0%| F|  |TAMS 0x000000008f200000, 0x000000008f200000| Untracked 
|  37|0x000000008f300000, 0x000000008f300000, 0x000000008f400000|  0%| F|  |TAMS 0x000000008f300000, 0x000000008f300000| Untracked 
|  38|0x000000008f400000, 0x000000008f400000, 0x000000008f500000|  0%| F|  |TAMS 0x000000008f400000, 0x000000008f400000| Untracked 
|  39|0x000000008f500000, 0x000000008f500000, 0x000000008f600000|  0%| F|  |TAMS 0x000000008f500000, 0x000000008f500000| Untracked 
|  40|0x000000008f600000, 0x000000008f600000, 0x000000008f700000|  0%| F|  |TAMS 0x000000008f600000, 0x000000008f600000| Untracked 
|  41|0x000000008f700000, 0x000000008f700000, 0x000000008f800000|  0%| F|  |TAMS 0x000000008f700000, 0x000000008f700000| Untracked 
|  42|0x000000008f800000, 0x000000008f800000, 0x000000008f900000|  0%| F|  |TAMS 0x000000008f800000, 0x000000008f800000| Untracked 
|  43|0x000000008f900000, 0x000000008f900000, 0x000000008fa00000|  0%| F|  |TAMS 0x000000008f900000, 0x000000008f900000| Untracked 
|  44|0x000000008fa00000, 0x000000008fa00000, 0x000000008fb00000|  0%| F|  |TAMS 0x000000008fa00000, 0x000000008fa00000| Untracked 
|  45|0x000000008fb00000, 0x000000008fb00000, 0x000000008fc00000|  0%| F|  |TAMS 0x000000008fb00000, 0x000000008fb00000| Untracked 
|  46|0x000000008fc00000, 0x000000008fc00000, 0x000000008fd00000|  0%| F|  |TAMS 0x000000008fc00000, 0x000000008fc00000| Untracked 
|  47|0x000000008fd00000, 0x000000008fd00000, 0x000000008fe00000|  0%| F|  |TAMS 0x000000008fd00000, 0x000000008fd00000| Untracked 
|  48|0x000000008fe00000, 0x000000008fe00000, 0x000000008ff00000|  0%| F|  |TAMS 0x000000008fe00000, 0x000000008fe00000| Untracked 
|  49|0x000000008ff00000, 0x000000008ff00000, 0x0000000090000000|  0%| F|  |TAMS 0x000000008ff00000, 0x000000008ff00000| Untracked 
|  50|0x0000000090000000, 0x0000000090000000, 0x0000000090100000|  0%| F|  |TAMS 0x0000000090000000, 0x0000000090000000| Untracked 
|  51|0x0000000090100000, 0x0000000090100000, 0x0000000090200000|  0%| F|  |TAMS 0x0000000090100000, 0x0000000090100000| Untracked 
|  52|0x0000000090200000, 0x0000000090200000, 0x0000000090300000|  0%| F|  |TAMS 0x0000000090200000, 0x0000000090200000| Untracked 
|  53|0x0000000090300000, 0x0000000090300000, 0x0000000090400000|  0%| F|  |TAMS 0x0000000090300000, 0x0000000090300000| Untracked 
|  54|0x0000000090400000, 0x0000000090400000, 0x0000000090500000|  0%| F|  |TAMS 0x0000000090400000, 0x0000000090400000| Untracked 
|  55|0x0000000090500000, 0x0000000090500000, 0x0000000090600000|  0%| F|  |TAMS 0x0000000090500000, 0x0000000090500000| Untracked 
|  56|0x0000000090600000, 0x0000000090600000, 0x0000000090700000|  0%| F|  |TAMS 0x0000000090600000, 0x0000000090600000| Untracked 
|  57|0x0000000090700000, 0x0000000090700000, 0x0000000090800000|  0%| F|  |TAMS 0x0000000090700000, 0x0000000090700000| Untracked 
|  58|0x0000000090800000, 0x0000000090800000, 0x0000000090900000|  0%| F|  |TAMS 0x0000000090800000, 0x0000000090800000| Untracked 
|  59|0x0000000090900000, 0x0000000090900000, 0x0000000090a00000|  0%| F|  |TAMS 0x0000000090900000, 0x0000000090900000| Untracked 
|  60|0x0000000090a00000, 0x0000000090a00000, 0x0000000090b00000|  0%| F|  |TAMS 0x0000000090a00000, 0x0000000090a00000| Untracked 
|  61|0x0000000090b00000, 0x0000000090b00000, 0x0000000090c00000|  0%| F|  |TAMS 0x0000000090b00000, 0x0000000090b00000| Untracked 
|  62|0x0000000090c00000, 0x0000000090c00000, 0x0000000090d00000|  0%| F|  |TAMS 0x0000000090c00000, 0x0000000090c00000| Untracked 
|  63|0x0000000090d00000, 0x0000000090d00000, 0x0000000090e00000|  0%| F|  |TAMS 0x0000000090d00000, 0x0000000090d00000| Untracked 
|  64|0x0000000090e00000, 0x0000000090e00000, 0x0000000090f00000|  0%| F|  |TAMS 0x0000000090e00000, 0x0000000090e00000| Untracked 
|  65|0x0000000090f00000, 0x0000000090f00000, 0x0000000091000000|  0%| F|  |TAMS 0x0000000090f00000, 0x0000000090f00000| Untracked 
|  66|0x0000000091000000, 0x0000000091000000, 0x0000000091100000|  0%| F|  |TAMS 0x0000000091000000, 0x0000000091000000| Untracked 
|  67|0x0000000091100000, 0x0000000091100000, 0x0000000091200000|  0%| F|  |TAMS 0x0000000091100000, 0x0000000091100000| Untracked 
|  68|0x0000000091200000, 0x0000000091200000, 0x0000000091300000|  0%| F|  |TAMS 0x0000000091200000, 0x0000000091200000| Untracked 
|  69|0x0000000091300000, 0x0000000091300000, 0x0000000091400000|  0%| F|  |TAMS 0x0000000091300000, 0x0000000091300000| Untracked 
|  70|0x0000000091400000, 0x0000000091400000, 0x0000000091500000|  0%| F|  |TAMS 0x0000000091400000, 0x0000000091400000| Untracked 
|  71|0x0000000091500000, 0x0000000091500000, 0x0000000091600000|  0%| F|  |TAMS 0x0000000091500000, 0x0000000091500000| Untracked 
|  72|0x0000000091600000, 0x0000000091600000, 0x0000000091700000|  0%| F|  |TAMS 0x0000000091600000, 0x0000000091600000| Untracked 
|  73|0x0000000091700000, 0x0000000091700000, 0x0000000091800000|  0%| F|  |TAMS 0x0000000091700000, 0x0000000091700000| Untracked 
|  74|0x0000000091800000, 0x0000000091880800, 0x0000000091900000| 50%| E|  |TAMS 0x0000000091800000, 0x0000000091800000| Complete 
|  75|0x0000000091900000, 0x0000000091a00000, 0x0000000091a00000|100%| E|CS|TAMS 0x0000000091900000, 0x0000000091900000| Complete 
|  76|0x0000000091a00000, 0x0000000091b00000, 0x0000000091b00000|100%| E|CS|TAMS 0x0000000091a00000, 0x0000000091a00000| Complete 
|  77|0x0000000091b00000, 0x0000000091c00000, 0x0000000091c00000|100%| E|CS|TAMS 0x0000000091b00000, 0x0000000091b00000| Complete 
|  78|0x0000000091c00000, 0x0000000091d00000, 0x0000000091d00000|100%| E|CS|TAMS 0x0000000091c00000, 0x0000000091c00000| Complete 
|  79|0x0000000091d00000, 0x0000000091e00000, 0x0000000091e00000|100%| E|CS|TAMS 0x0000000091d00000, 0x0000000091d00000| Complete 
|  80|0x0000000091e00000, 0x0000000091f00000, 0x0000000091f00000|100%| E|  |TAMS 0x0000000091e00000, 0x0000000091e00000| Complete 
|  81|0x0000000091f00000, 0x0000000092000000, 0x0000000092000000|100%| E|CS|TAMS 0x0000000091f00000, 0x0000000091f00000| Complete 
|  82|0x0000000092000000, 0x00000000920675a0, 0x0000000092100000| 40%| S|CS|TAMS 0x0000000092000000, 0x0000000092000000| Complete 
|  83|0x0000000092100000, 0x0000000092200000, 0x0000000092200000|100%| S|CS|TAMS 0x0000000092100000, 0x0000000092100000| Complete 
|  84|0x0000000092200000, 0x0000000092300000, 0x0000000092300000|100%| S|CS|TAMS 0x0000000092200000, 0x0000000092200000| Complete 
|  85|0x0000000092300000, 0x0000000092400000, 0x0000000092400000|100%| E|CS|TAMS 0x0000000092300000, 0x0000000092300000| Complete 
|  86|0x0000000092400000, 0x0000000092500000, 0x0000000092500000|100%| E|CS|TAMS 0x0000000092400000, 0x0000000092400000| Complete 
|  87|0x0000000092500000, 0x0000000092600000, 0x0000000092600000|100%| E|CS|TAMS 0x0000000092500000, 0x0000000092500000| Complete 
|  88|0x0000000092600000, 0x0000000092700000, 0x0000000092700000|100%| E|CS|TAMS 0x0000000092600000, 0x0000000092600000| Complete 
|  89|0x0000000092700000, 0x0000000092800000, 0x0000000092800000|100%| E|CS|TAMS 0x0000000092700000, 0x0000000092700000| Complete 
|  90|0x0000000092800000, 0x0000000092900000, 0x0000000092900000|100%| E|CS|TAMS 0x0000000092800000, 0x0000000092800000| Complete 
|  91|0x0000000092900000, 0x0000000092a00000, 0x0000000092a00000|100%| E|CS|TAMS 0x0000000092900000, 0x0000000092900000| Complete 
|  92|0x0000000092a00000, 0x0000000092b00000, 0x0000000092b00000|100%| E|CS|TAMS 0x0000000092a00000, 0x0000000092a00000| Complete 
|  93|0x0000000092b00000, 0x0000000092c00000, 0x0000000092c00000|100%| E|CS|TAMS 0x0000000092b00000, 0x0000000092b00000| Complete 
|  94|0x0000000092c00000, 0x0000000092d00000, 0x0000000092d00000|100%| E|CS|TAMS 0x0000000092c00000, 0x0000000092c00000| Complete 
|  95|0x0000000092d00000, 0x0000000092e00000, 0x0000000092e00000|100%| E|CS|TAMS 0x0000000092d00000, 0x0000000092d00000| Complete 
|  96|0x0000000092e00000, 0x0000000092f00000, 0x0000000092f00000|100%| E|CS|TAMS 0x0000000092e00000, 0x0000000092e00000| Complete 
|  97|0x0000000092f00000, 0x0000000093000000, 0x0000000093000000|100%| E|CS|TAMS 0x0000000092f00000, 0x0000000092f00000| Complete 
|  98|0x0000000093000000, 0x0000000093100000, 0x0000000093100000|100%| E|CS|TAMS 0x0000000093000000, 0x0000000093000000| Complete 
|  99|0x0000000093100000, 0x0000000093200000, 0x0000000093200000|100%| E|CS|TAMS 0x0000000093100000, 0x0000000093100000| Complete 
| 100|0x0000000093200000, 0x0000000093300000, 0x0000000093300000|100%| E|CS|TAMS 0x0000000093200000, 0x0000000093200000| Complete 
| 101|0x0000000093300000, 0x0000000093400000, 0x0000000093400000|100%| E|CS|TAMS 0x0000000093300000, 0x0000000093300000| Complete 
| 102|0x0000000093400000, 0x0000000093500000, 0x0000000093500000|100%| E|CS|TAMS 0x0000000093400000, 0x0000000093400000| Complete 
| 103|0x0000000093500000, 0x0000000093600000, 0x0000000093600000|100%| E|CS|TAMS 0x0000000093500000, 0x0000000093500000| Complete 
| 104|0x0000000093600000, 0x0000000093700000, 0x0000000093700000|100%| E|CS|TAMS 0x0000000093600000, 0x0000000093600000| Complete 
| 105|0x0000000093700000, 0x0000000093800000, 0x0000000093800000|100%| E|CS|TAMS 0x0000000093700000, 0x0000000093700000| Complete 
| 106|0x0000000093800000, 0x0000000093900000, 0x0000000093900000|100%| E|CS|TAMS 0x0000000093800000, 0x0000000093800000| Complete 
| 107|0x0000000093900000, 0x0000000093a00000, 0x0000000093a00000|100%| E|CS|TAMS 0x0000000093900000, 0x0000000093900000| Complete 
| 108|0x0000000093a00000, 0x0000000093b00000, 0x0000000093b00000|100%| E|CS|TAMS 0x0000000093a00000, 0x0000000093a00000| Complete 
| 109|0x0000000093b00000, 0x0000000093c00000, 0x0000000093c00000|100%| E|CS|TAMS 0x0000000093b00000, 0x0000000093b00000| Complete 
| 110|0x0000000093c00000, 0x0000000093d00000, 0x0000000093d00000|100%| E|CS|TAMS 0x0000000093c00000, 0x0000000093c00000| Complete 
| 111|0x0000000093d00000, 0x0000000093e00000, 0x0000000093e00000|100%| E|CS|TAMS 0x0000000093d00000, 0x0000000093d00000| Complete 
| 112|0x0000000093e00000, 0x0000000093f00000, 0x0000000093f00000|100%| E|CS|TAMS 0x0000000093e00000, 0x0000000093e00000| Complete 
| 113|0x0000000093f00000, 0x0000000094000000, 0x0000000094000000|100%| E|CS|TAMS 0x0000000093f00000, 0x0000000093f00000| Complete 
| 114|0x0000000094000000, 0x0000000094100000, 0x0000000094100000|100%| E|CS|TAMS 0x0000000094000000, 0x0000000094000000| Complete 
| 115|0x0000000094100000, 0x0000000094200000, 0x0000000094200000|100%| E|CS|TAMS 0x0000000094100000, 0x0000000094100000| Complete 

Card table byte_map: [0x000001491f290000,0x000001491f630000] _byte_map_base: 0x000001491ee29000

Marking Bits (Prev, Next): (CMBitMap*) 0x000001490815c3f0, (CMBitMap*) 0x000001490815c430
 Prev Bits: [0x000001491f9d0000, 0x0000014921698000)
 Next Bits: [0x00000149216a0000, 0x0000014923368000)

Polling page: 0x0000014906040000

Metaspace:

Usage:
  Non-class:     17.26 MB used.
      Class:      2.50 MB used.
       Both:     19.76 MB used.

Virtual space:
  Non-class space:       64.00 MB reserved,      17.38 MB ( 27%) committed,  1 nodes.
      Class space:        1.00 GB reserved,       2.56 MB ( <1%) committed,  1 nodes.
             Both:        1.06 GB reserved,      19.94 MB (  2%) committed. 

Chunk freelists:
   Non-Class:  13.75 MB
       Class:  13.44 MB
        Both:  27.19 MB

MaxMetaspaceSize: unlimited
CompressedClassSpaceSize: 1.00 GB
Initial GC threshold: 21.00 MB
Current GC threshold: 21.00 MB
CDS: on
MetaspaceReclaimPolicy: balanced
 - commit_granule_bytes: 65536.
 - commit_granule_words: 8192.
 - virtual_space_node_default_size: 8388608.
 - enlarge_chunks_in_place: 1.
 - new_chunks_are_fully_committed: 0.
 - uncommit_free_chunks: 1.
 - use_allocation_guard: 0.
 - handle_deallocations: 1.


Internal statistics:

num_allocs_failed_limit: 0.
num_arena_births: 206.
num_arena_deaths: 0.
num_vsnodes_births: 2.
num_vsnodes_deaths: 0.
num_space_committed: 319.
num_space_uncommitted: 0.
num_chunks_returned_to_freelist: 0.
num_chunks_taken_from_freelist: 862.
num_chunk_merges: 0.
num_chunk_splits: 611.
num_chunks_enlarged: 491.
num_inconsistent_stats: 0.

CodeHeap 'non-profiled nmethods': size=120000Kb used=1082Kb max_used=1082Kb free=118917Kb
 bounds [0x0000014917470000, 0x00000149176e0000, 0x000001491e9a0000]
CodeHeap 'profiled nmethods': size=120000Kb used=5122Kb max_used=5122Kb free=114877Kb
 bounds [0x000001490f9a0000, 0x000001490feb0000, 0x0000014916ed0000]
CodeHeap 'non-nmethods': size=5760Kb used=1205Kb max_used=1238Kb free=4554Kb
 bounds [0x0000014916ed0000, 0x0000014917140000, 0x0000014917470000]
 total_blobs=3023 nmethods=2517 adapters=418
 compilation: enabled
              stopped_count=0, restarted_count=0
 full_count=0

Compilation events (20 events):
Event: 1.910 Thread 0x0000014925fa2660 nmethod 2465 0x000001490fe77310 code [0x000001490fe77500, 0x000001490fe77b18]
Event: 1.910 Thread 0x0000014925fa2660 2467       3       java.lang.ClassLoader::getClassLoader (11 bytes)
Event: 1.910 Thread 0x0000014925fa2660 nmethod 2467 0x000001490fe77d10 code [0x000001490fe77ea0, 0x000001490fe78018]
Event: 1.910 Thread 0x0000014925fa2660 2466       3       java.lang.Class::forName (15 bytes)
Event: 1.910 Thread 0x0000014925fa2660 nmethod 2466 0x000001490fe78110 code [0x000001490fe782c0, 0x000001490fe784d8]
Event: 1.910 Thread 0x0000014925fa2660 2468       3       java.lang.reflect.ProxyGenerator::typeNames (61 bytes)
Event: 1.911 Thread 0x0000014925fa2660 nmethod 2468 0x000001490fe78610 code [0x000001490fe78840, 0x000001490fe791c8]
Event: 1.911 Thread 0x0000014925fa2660 2469       3       java.lang.reflect.ProxyGenerator$ProxyMethod::codeClassForName (26 bytes)
Event: 1.911 Thread 0x0000014925fa2660 nmethod 2469 0x000001490fe79490 code [0x000001490fe79660, 0x000001490fe79a28]
Event: 1.911 Thread 0x0000014925fa2660 2470       1       org.springframework.core.annotation.AnnotationTypeMapping::getSource (5 bytes)
Event: 1.911 Thread 0x0000014925fa2660 nmethod 2470 0x0000014917576910 code [0x0000014917576aa0, 0x0000014917576b78]
Event: 1.911 Thread 0x0000014925fa2660 2471       1       java.util.concurrent.atomic.AtomicInteger::set (6 bytes)
Event: 1.911 Thread 0x0000014925fa2660 nmethod 2471 0x0000014917576c10 code [0x0000014917576da0, 0x0000014917576e78]
Event: 1.912 Thread 0x0000014925fa2660 2472       3       java.lang.Class::getMethod0 (31 bytes)
Event: 1.913 Thread 0x0000014925fa2660 nmethod 2472 0x000001490fe79b90 code [0x000001490fe79d40, 0x000001490fe79f78]
Event: 1.913 Thread 0x0000014925fa2660 2473       3       org.springframework.core.annotation.AttributeMethods$$Lambda$67/0x00000149280866f8::compare (12 bytes)
Event: 1.913 Thread 0x0000014925fa2660 nmethod 2473 0x000001490fe7a090 code [0x000001490fe7a260, 0x000001490fe7a708]
Event: 1.913 Thread 0x0000014925fa2660 2474       3       org.springframework.core.annotation.AttributeMethods::lambda$static$0 (30 bytes)
Event: 1.913 Thread 0x0000014925fa2660 nmethod 2474 0x000001490fe7a890 code [0x000001490fe7aa40, 0x000001490fe7acc8]
Event: 1.913 Thread 0x0000014925fa2660 2475       3       java.lang.Class::copyMethods (36 bytes)

GC Heap History (4 events):
Event: 0.760 GC heap before
{Heap before GC invocations=0 (full 0):
 garbage-first heap   total 118784K, used 23552K [0x000000008ce00000, 0x0000000100000000)
  region size 1024K, 23 young (23552K), 0 survivors (0K)
 Metaspace       used 6230K, committed 6464K, reserved 1114112K
  class space    used 735K, committed 832K, reserved 1048576K
}
Event: 0.768 GC heap after
{Heap after GC invocations=1 (full 0):
 garbage-first heap   total 118784K, used 7528K [0x000000008ce00000, 0x0000000100000000)
  region size 1024K, 3 young (3072K), 3 survivors (3072K)
 Metaspace       used 6230K, committed 6464K, reserved 1114112K
  class space    used 735K, committed 832K, reserved 1048576K
}
Event: 1.303 GC heap before
{Heap before GC invocations=1 (full 0):
 garbage-first heap   total 118784K, used 36200K [0x000000008ce00000, 0x0000000100000000)
  region size 1024K, 31 young (31744K), 3 survivors (3072K)
 Metaspace       used 12763K, committed 13056K, reserved 1114112K
  class space    used 1695K, committed 1856K, reserved 1048576K
}
Event: 1.309 GC heap after
{Heap after GC invocations=2 (full 0):
 garbage-first heap   total 118784K, used 9922K [0x000000008ce00000, 0x0000000100000000)
  region size 1024K, 3 young (3072K), 3 survivors (3072K)
 Metaspace       used 12763K, committed 13056K, reserved 1114112K
  class space    used 1695K, committed 1856K, reserved 1048576K
}

Deoptimization events (20 events):
Event: 1.896 Thread 0x00000149081060d0 DEOPT PACKING pc=0x000001490fb41fb1 sp=0x00000017c35fea40
Event: 1.896 Thread 0x00000149081060d0 DEOPT UNPACKING pc=0x0000014916f22b43 sp=0x00000017c35fdf30 mode 0
Event: 1.896 Thread 0x00000149081060d0 DEOPT PACKING pc=0x000001490fad21e6 sp=0x00000017c35fea70
Event: 1.896 Thread 0x00000149081060d0 DEOPT UNPACKING pc=0x0000014916f22b43 sp=0x00000017c35fdf38 mode 0
Event: 1.896 Thread 0x00000149081060d0 DEOPT PACKING pc=0x000001490fb41fb1 sp=0x00000017c35fea40
Event: 1.896 Thread 0x00000149081060d0 DEOPT UNPACKING pc=0x0000014916f22b43 sp=0x00000017c35fdf30 mode 0
Event: 1.896 Thread 0x00000149081060d0 DEOPT PACKING pc=0x000001490fad21e6 sp=0x00000017c35fea70
Event: 1.896 Thread 0x00000149081060d0 DEOPT UNPACKING pc=0x0000014916f22b43 sp=0x00000017c35fdf38 mode 0
Event: 1.896 Thread 0x00000149081060d0 DEOPT PACKING pc=0x000001490fb41fb1 sp=0x00000017c35fea40
Event: 1.896 Thread 0x00000149081060d0 DEOPT UNPACKING pc=0x0000014916f22b43 sp=0x00000017c35fdf30 mode 0
Event: 1.896 Thread 0x00000149081060d0 DEOPT PACKING pc=0x000001490fad21e6 sp=0x00000017c35fea70
Event: 1.896 Thread 0x00000149081060d0 DEOPT UNPACKING pc=0x0000014916f22b43 sp=0x00000017c35fdf38 mode 0
Event: 1.896 Thread 0x00000149081060d0 DEOPT PACKING pc=0x000001490fb41fb1 sp=0x00000017c35fea40
Event: 1.896 Thread 0x00000149081060d0 DEOPT UNPACKING pc=0x0000014916f22b43 sp=0x00000017c35fdf30 mode 0
Event: 1.896 Thread 0x00000149081060d0 DEOPT PACKING pc=0x000001490fad21e6 sp=0x00000017c35fea70
Event: 1.896 Thread 0x00000149081060d0 DEOPT UNPACKING pc=0x0000014916f22b43 sp=0x00000017c35fdf38 mode 0
Event: 1.896 Thread 0x00000149081060d0 DEOPT PACKING pc=0x000001490fb41fb1 sp=0x00000017c35fea40
Event: 1.896 Thread 0x00000149081060d0 DEOPT UNPACKING pc=0x0000014916f22b43 sp=0x00000017c35fdf30 mode 0
Event: 1.896 Thread 0x00000149081060d0 DEOPT PACKING pc=0x000001490fad21e6 sp=0x00000017c35fea70
Event: 1.896 Thread 0x00000149081060d0 DEOPT UNPACKING pc=0x0000014916f22b43 sp=0x00000017c35fdf38 mode 0

Classes unloaded (0 events):
No events

Classes redefined (0 events):
No events

Internal exceptions (20 events):
Event: 0.924 Thread 0x00000149081060d0 Exception <a 'java/lang/NoSuchMethodError'{0x0000000093deb010}: 'void java.lang.invoke.DirectMethodHandle$Holder.invokeStaticInit(java.lang.Object, java.lang.Object, java.lang.Object)'> (0x0000000093deb010) 
thrown [s\open\src\hotspot\share\interpreter\linkResolver.cpp, line 759]
Event: 0.930 Thread 0x00000149081060d0 Exception <a 'java/lang/NoSuchMethodError'{0x0000000093c33b88}: 'java.lang.Object java.lang.invoke.DirectMethodHandle$Holder.invokeStatic(java.lang.Object, java.lang.Object, long, java.lang.Object)'> (0x0000000093c33b88) 
thrown [s\open\src\hotspot\share\interpreter\linkResolver.cpp, line 759]
Event: 0.931 Thread 0x00000149081060d0 Exception <a 'java/lang/NoSuchMethodError'{0x0000000093c37620}: 'java.lang.Object java.lang.invoke.DirectMethodHandle$Holder.invokeStaticInit(java.lang.Object, java.lang.Object, long, java.lang.Object)'> (0x0000000093c37620) 
thrown [s\open\src\hotspot\share\interpreter\linkResolver.cpp, line 759]
Event: 0.931 Thread 0x00000149081060d0 Exception <a 'java/lang/NoSuchMethodError'{0x0000000093c3dd60}: 'java.lang.Object java.lang.invoke.DirectMethodHandle$Holder.newInvokeSpecial(java.lang.Object, java.lang.Object, long)'> (0x0000000093c3dd60) 
thrown [s\open\src\hotspot\share\interpreter\linkResolver.cpp, line 759]
Event: 0.931 Thread 0x00000149081060d0 Exception <a 'java/lang/NoSuchMethodError'{0x0000000093c418d0}: 'java.lang.Object java.lang.invoke.Invokers$Holder.linkToTargetMethod(java.lang.Object, long, java.lang.Object)'> (0x0000000093c418d0) 
thrown [s\open\src\hotspot\share\interpreter\linkResolver.cpp, line 759]
Event: 0.946 Thread 0x00000149081060d0 Exception <a 'java/lang/NoSuchMethodError'{0x0000000093c914f0}: 'void java.lang.invoke.DirectMethodHandle$Holder.invokeSpecial(java.lang.Object, java.lang.Object, java.lang.Object, java.lang.Object, java.lang.Object)'> (0x0000000093c914f0) 
thrown [s\open\src\hotspot\share\interpreter\linkResolver.cpp, line 759]
Event: 0.947 Thread 0x00000149081060d0 Exception <a 'java/lang/NoSuchMethodError'{0x0000000093c99b08}: 'void java.lang.invoke.DirectMethodHandle$Holder.invokeVirtual(java.lang.Object, java.lang.Object, java.lang.Object, java.lang.Object)'> (0x0000000093c99b08) 
thrown [s\open\src\hotspot\share\interpreter\linkResolver.cpp, line 759]
Event: 0.990 Thread 0x00000149081060d0 Exception <a 'java/lang/NoSuchMethodError'{0x0000000093a04010}: 'void java.lang.invoke.DirectMethodHandle$Holder.invokeSpecial(java.lang.Object, java.lang.Object, java.lang.Object)'> (0x0000000093a04010) 
thrown [s\open\src\hotspot\share\interpreter\linkResolver.cpp, line 759]
Event: 0.997 Thread 0x00000149081060d0 Exception <a 'java/lang/IncompatibleClassChangeError'{0x0000000093a34d40}: Found class java.lang.Object, but interface was expected> (0x0000000093a34d40) 
thrown [s\open\src\hotspot\share\interpreter\linkResolver.cpp, line 826]
Event: 1.329 Thread 0x00000149081060d0 Exception <a 'java/lang/NoSuchMethodError'{0x00000000940ac278}: 'java.lang.Object java.lang.invoke.DirectMethodHandle$Holder.invokeVirtual(java.lang.Object, java.lang.Object, java.lang.Object)'> (0x00000000940ac278) 
thrown [s\open\src\hotspot\share\interpreter\linkResolver.cpp, line 759]
Event: 1.334 Thread 0x00000149081060d0 Exception <a 'sun/nio/fs/WindowsException'{0x00000000940c6a58}> (0x00000000940c6a58) 
thrown [s\open\src\hotspot\share\prims\jni.cpp, line 516]
Event: 1.334 Thread 0x00000149081060d0 Exception <a 'java/lang/NoSuchMethodError'{0x00000000940c83a8}: 'int java.lang.invoke.DirectMethodHandle$Holder.invokeSpecial(java.lang.Object, java.lang.Object, java.lang.Object, java.lang.Object, java.lang.Object)'> (0x00000000940c83a8) 
thrown [s\open\src\hotspot\share\interpreter\linkResolver.cpp, line 759]
Event: 1.337 Thread 0x00000149081060d0 Exception <a 'java/lang/NoSuchMethodError'{0x00000000940d1178}: 'void java.lang.invoke.DirectMethodHandle$Holder.invokeVirtual(java.lang.Object, java.lang.Object)'> (0x00000000940d1178) 
thrown [s\open\src\hotspot\share\interpreter\linkResolver.cpp, line 759]
Event: 1.634 Thread 0x00000149261ace30 Exception <a 'java/lang/NoSuchMethodError'{0x0000000092b961f8}: 'long java.lang.invoke.DirectMethodHandle$Holder.invokeSpecial(java.lang.Object, java.lang.Object)'> (0x0000000092b961f8) 
thrown [s\open\src\hotspot\share\interpreter\linkResolver.cpp, line 759]
Event: 1.636 Thread 0x00000149261ace30 Exception <a 'java/lang/NoSuchMethodError'{0x0000000092ba1048}: 'long java.lang.invoke.DirectMethodHandle$Holder.invokeStatic(java.lang.Object, java.lang.Object)'> (0x0000000092ba1048) 
thrown [s\open\src\hotspot\share\interpreter\linkResolver.cpp, line 759]
Event: 1.636 Thread 0x00000149261ace30 Exception <a 'java/lang/NoSuchMethodError'{0x0000000092ba4648}: 'long java.lang.invoke.DirectMethodHandle$Holder.invokeStaticInit(java.lang.Object, java.lang.Object)'> (0x0000000092ba4648) 
thrown [s\open\src\hotspot\share\interpreter\linkResolver.cpp, line 759]
Event: 1.638 Thread 0x00000149261ace30 Exception <a 'java/lang/NoSuchMethodError'{0x0000000092bb21f0}: 'long java.lang.invoke.DirectMethodHandle$Holder.invokeInterface(java.lang.Object, java.lang.Object)'> (0x0000000092bb21f0) 
thrown [s\open\src\hotspot\share\interpreter\linkResolver.cpp, line 759]
Event: 1.638 Thread 0x00000149261ace30 Exception <a 'java/lang/IncompatibleClassChangeError'{0x0000000092bb5780}: Found class java.lang.Object, but interface was expected> (0x0000000092bb5780) 
thrown [s\open\src\hotspot\share\interpreter\linkResolver.cpp, line 826]
Event: 1.650 Thread 0x00000149261ace30 Exception <a 'java/lang/NoSuchMethodError'{0x0000000092ac71e0}: 'java.lang.Object java.lang.invoke.DirectMethodHandle$Holder.invokeVirtual(java.lang.Object, java.lang.Object, java.lang.Object, java.lang.Object)'> (0x0000000092ac71e0) 
thrown [s\open\src\hotspot\share\interpreter\linkResolver.cpp, line 759]
Event: 1.890 Thread 0x00000149081060d0 Exception <a 'java/lang/IncompatibleClassChangeError'{0x0000000091bd3768}: Found class java.lang.Object, but interface was expected> (0x0000000091bd3768) 
thrown [s\open\src\hotspot\share\interpreter\linkResolver.cpp, line 826]

VM Operations (20 events):
Event: 0.988 Executing VM operation: HandshakeAllThreads
Event: 0.988 Executing VM operation: HandshakeAllThreads done
Event: 0.988 Executing VM operation: HandshakeAllThreads
Event: 0.988 Executing VM operation: HandshakeAllThreads done
Event: 1.107 Executing VM operation: ICBufferFull
Event: 1.108 Executing VM operation: ICBufferFull done
Event: 1.303 Executing VM operation: G1CollectForAllocation
Event: 1.303 Executing VM operation: G1CollectForAllocation done
Event: 1.303 Executing VM operation: G1CollectForAllocation
Event: 1.309 Executing VM operation: G1CollectForAllocation done
Event: 1.312 Executing VM operation: HandshakeAllThreads
Event: 1.313 Executing VM operation: HandshakeAllThreads done
Event: 1.494 Executing VM operation: HandshakeAllThreads
Event: 1.494 Executing VM operation: HandshakeAllThreads done
Event: 1.682 Executing VM operation: HandshakeAllThreads
Event: 1.682 Executing VM operation: HandshakeAllThreads done
Event: 1.704 Executing VM operation: HandshakeAllThreads
Event: 1.704 Executing VM operation: HandshakeAllThreads done
Event: 1.711 Executing VM operation: ICBufferFull
Event: 1.711 Executing VM operation: ICBufferFull done

Events (20 events):
Event: 1.709 loading class sun/security/ssl/SunJSSE done
Event: 1.709 loading class com/sun/crypto/provider/SunJCE
Event: 1.710 loading class com/sun/crypto/provider/SunJCE done
Event: 1.711 loading class sun/security/provider/certpath/ldap/JdkLDAP
Event: 1.711 loading class sun/security/provider/certpath/ldap/JdkLDAP done
Event: 1.712 loading class sun/security/provider/certpath/ldap/JdkLDAP$ProviderService
Event: 1.712 loading class sun/security/provider/certpath/ldap/JdkLDAP$ProviderService done
Event: 1.712 loading class com/sun/security/sasl/Provider
Event: 1.712 loading class com/sun/security/sasl/Provider done
Event: 1.712 loading class com/sun/security/sasl/Provider$1
Event: 1.712 loading class com/sun/security/sasl/Provider$1 done
Event: 1.712 loading class com/sun/security/sasl/Provider$ProviderService
Event: 1.713 loading class com/sun/security/sasl/Provider$ProviderService done
Event: 1.715 Thread 0x00000149261ace30 Thread exited: 0x00000149261ace30
Event: 1.788 Thread 0x00000149261ab9f0 Thread added: 0x00000149261ab9f0
Event: 1.806 loading class javax/naming/ldap/LdapContext
Event: 1.807 loading class javax/naming/directory/DirContext
Event: 1.807 loading class javax/naming/directory/DirContext done
Event: 1.807 loading class javax/naming/ldap/LdapContext done
Event: 1.829 Thread 0x00000149261ab9f0 Thread exited: 0x00000149261ab9f0


Dynamic libraries:
0x00007ff65ff10000 - 0x00007ff65ff20000 	C:\Program Files\Java\jdk-17\bin\java.exe
0x00007ffab7270000 - 0x00007ffab7487000 	C:\Windows\SYSTEM32\ntdll.dll
0x00007ffab5ff0000 - 0x00007ffab60b4000 	C:\Windows\System32\KERNEL32.DLL
0x00007ffab47d0000 - 0x00007ffab4b7c000 	C:\Windows\System32\KERNELBASE.dll
0x00007ffab4b80000 - 0x00007ffab4c91000 	C:\Windows\System32\ucrtbase.dll
0x00007ffaaf900000 - 0x00007ffaaf919000 	C:\Program Files\Java\jdk-17\bin\jli.dll
0x00007ffaa3cf0000 - 0x00007ffaa3d0b000 	C:\Program Files\Java\jdk-17\bin\VCRUNTIME140.dll
0x00007ffab6bf0000 - 0x00007ffab6ca2000 	C:\Windows\System32\ADVAPI32.dll
0x00007ffab58b0000 - 0x00007ffab5957000 	C:\Windows\System32\msvcrt.dll
0x00007ffab60c0000 - 0x00007ffab616a000 	C:\Windows\System32\sechost.dll
0x00007ffab45a0000 - 0x00007ffab45c8000 	C:\Windows\System32\bcrypt.dll
0x00007ffab6170000 - 0x00007ffab6285000 	C:\Windows\System32\RPCRT4.dll
0x00007ffab5ba0000 - 0x00007ffab5d4e000 	C:\Windows\System32\USER32.dll
0x00007ffab4640000 - 0x00007ffab4666000 	C:\Windows\System32\win32u.dll
0x00007ffab5d50000 - 0x00007ffab5d79000 	C:\Windows\System32\GDI32.dll
0x00007ffaa2270000 - 0x00007ffaa2503000 	C:\Windows\WinSxS\amd64_microsoft.windows.common-controls_6595b64144ccf1df_6.0.22621.3672_none_2713b9d173822955\COMCTL32.dll
0x00007ffab4e10000 - 0x00007ffab4f29000 	C:\Windows\System32\gdi32full.dll
0x00007ffab4670000 - 0x00007ffab470a000 	C:\Windows\System32\msvcp_win.dll
0x00007ffaaeb20000 - 0x00007ffaaeb2a000 	C:\Windows\SYSTEM32\VERSION.dll
0x00007ffab6fc0000 - 0x00007ffab6ff1000 	C:\Windows\System32\IMM32.DLL
0x00007ffab05b0000 - 0x00007ffab05bc000 	C:\Program Files\Java\jdk-17\bin\vcruntime140_1.dll
0x00007ffaa3c60000 - 0x00007ffaa3cee000 	C:\Program Files\Java\jdk-17\bin\msvcp140.dll
0x00007ffa0ead0000 - 0x00007ffa0f6af000 	C:\Program Files\Java\jdk-17\bin\server\jvm.dll
0x00007ffab5f30000 - 0x00007ffab5f38000 	C:\Windows\System32\PSAPI.DLL
0x00007ffaa9960000 - 0x00007ffaa9969000 	C:\Windows\SYSTEM32\WSOCK32.dll
0x00007ffaaf880000 - 0x00007ffaaf8b4000 	C:\Windows\SYSTEM32\WINMM.dll
0x00007ffab6af0000 - 0x00007ffab6b61000 	C:\Windows\System32\WS2_32.dll
0x00007ffab35a0000 - 0x00007ffab35b8000 	C:\Windows\SYSTEM32\kernel.appcore.dll
0x00007ffa811e0000 - 0x00007ffa811ea000 	C:\Program Files\Java\jdk-17\bin\jimage.dll
0x00007ffab1f30000 - 0x00007ffab2162000 	C:\Windows\SYSTEM32\DBGHELP.DLL
0x00007ffab5510000 - 0x00007ffab5898000 	C:\Windows\System32\combase.dll
0x00007ffab4fb0000 - 0x00007ffab5087000 	C:\Windows\System32\OLEAUT32.dll
0x00007ffaaa4f0000 - 0x00007ffaaa522000 	C:\Windows\SYSTEM32\dbgcore.DLL
0x00007ffab4f30000 - 0x00007ffab4fab000 	C:\Windows\System32\bcryptPrimitives.dll
0x00007ffa7e4f0000 - 0x00007ffa7e4fe000 	C:\Program Files\Java\jdk-17\bin\instrument.dll
0x00007ffa79230000 - 0x00007ffa79255000 	C:\Program Files\Java\jdk-17\bin\java.dll
0x00007ffa57670000 - 0x00007ffa57747000 	C:\Program Files\Java\jdk-17\bin\jsvml.dll
0x00007ffab6290000 - 0x00007ffab6aec000 	C:\Windows\System32\SHELL32.dll
0x00007ffab24a0000 - 0x00007ffab2d97000 	C:\Windows\SYSTEM32\windows.storage.dll
0x00007ffab2360000 - 0x00007ffab249f000 	C:\Windows\SYSTEM32\wintypes.dll
0x00007ffab7130000 - 0x00007ffab7224000 	C:\Windows\System32\SHCORE.dll
0x00007ffab5f90000 - 0x00007ffab5fee000 	C:\Windows\System32\shlwapi.dll
0x00007ffab44d0000 - 0x00007ffab44f1000 	C:\Windows\SYSTEM32\profapi.dll
0x00007ffa70e50000 - 0x00007ffa70e68000 	C:\Program Files\Java\jdk-17\bin\zip.dll
0x00007ffa7c490000 - 0x00007ffa7c4a9000 	C:\Program Files\Java\jdk-17\bin\net.dll
0x00007ffab0d00000 - 0x00007ffab0e36000 	C:\Windows\SYSTEM32\WINHTTP.dll
0x00007ffab3a10000 - 0x00007ffab3a79000 	C:\Windows\system32\mswsock.dll
0x00007ffa78070000 - 0x00007ffa78086000 	C:\Program Files\Java\jdk-17\bin\nio.dll
0x00007ffa6fcc0000 - 0x00007ffa6fcda000 	D:\Apps\IntelliJ IDEA Community Edition 2024.1.1\bin\breakgen64.dll
0x00007ffa7c120000 - 0x00007ffa7c12e000 	C:\Program Files\Java\jdk-17\bin\sunmscapi.dll
0x00007ffab4ca0000 - 0x00007ffab4e07000 	C:\Windows\System32\CRYPT32.dll
0x00007ffab3e40000 - 0x00007ffab3e6e000 	C:\Windows\SYSTEM32\ncrypt.dll
0x00007ffab3e00000 - 0x00007ffab3e37000 	C:\Windows\SYSTEM32\NTASN1.dll

dbghelp: loaded successfully - version: 4.0.5 - missing functions: none
symbol engine: initialized successfully - sym options: 0x614 - pdb path: .;C:\Program Files\Java\jdk-17\bin;C:\Windows\SYSTEM32;C:\Windows\WinSxS\amd64_microsoft.windows.common-controls_6595b64144ccf1df_6.0.22621.3672_none_2713b9d173822955;C:\Program Files\Java\jdk-17\bin\server;D:\Apps\IntelliJ IDEA Community Edition 2024.1.1\bin

VM Arguments:
jvm_args: -javaagent:D:\Apps\IntelliJ IDEA Community Edition 2024.1.1\lib\idea_rt.jar=53543:D:\Apps\IntelliJ IDEA Community Edition 2024.1.1\bin -Dfile.encoding=UTF-8 
java_command: com.example.TastyKing.TastyKingApplication
java_class_path (initial): D:\FPT U\FU-SU24\SWP391\TastyKing-main\TastyKing-main\target\classes;C:\Users\tuand\.m2\repository\org\springframework\boot\spring-boot-starter-data-jpa\3.2.6\spring-boot-starter-data-jpa-3.2.6.jar;C:\Users\tuand\.m2\repository\org\springframework\boot\spring-boot-starter-aop\3.2.6\spring-boot-starter-aop-3.2.6.jar;C:\Users\tuand\.m2\repository\org\springframework\spring-aop\6.1.8\spring-aop-6.1.8.jar;C:\Users\tuand\.m2\repository\org\aspectj\aspectjweaver\1.9.22\aspectjweaver-1.9.22.jar;C:\Users\tuand\.m2\repository\org\springframework\boot\spring-boot-starter-jdbc\3.2.6\spring-boot-starter-jdbc-3.2.6.jar;C:\Users\tuand\.m2\repository\com\zaxxer\HikariCP\5.0.1\HikariCP-5.0.1.jar;C:\Users\tuand\.m2\repository\org\springframework\spring-jdbc\6.1.8\spring-jdbc-6.1.8.jar;C:\Users\tuand\.m2\repository\org\hibernate\orm\hibernate-core\6.4.8.Final\hibernate-core-6.4.8.Final.jar;C:\Users\tuand\.m2\repository\jakarta\persistence\jakarta.persistence-api\3.1.0\jakarta.persistence-api-3.1.0.jar;C:\Users\tuand\.m2\repository\jakarta\transaction\jakarta.transaction-api\2.0.1\jakarta.transaction-api-2.0.1.jar;C:\Users\tuand\.m2\repository\org\jboss\logging\jboss-logging\3.5.3.Final\jboss-logging-3.5.3.Final.jar;C:\Users\tuand\.m2\repository\org\hibernate\common\hibernate-commons-annotations\6.0.6.Final\hibernate-commons-annotations-6.0.6.Final.jar;C:\Users\tuand\.m2\repository\io\smallrye\jandex\3.1.2\jandex-3.1.2.jar;C:\Users\tuand\.m2\repository\com\fasterxml\classmate\1.6.0\classmate-1.6.0.jar;C:\Users\tuand\.m2\repository\net\bytebuddy\byte-buddy\1.14.16\byte-buddy-1.14.16.jar;C:\Users\tuand\.m2\repository\org\glassfish\jaxb\jaxb-runtime\4.0.5\jaxb-runtime-4.0.5.jar;C:\Users\tuand\.m2\repository\org\glassfish\jaxb\jaxb-core\4.0.5\jaxb-core-4.0.5.jar;C:\Users\tuand\.m2\repository\org\glassfish\jaxb\txw2\4.0.5\txw2-4.0.5.jar;C:\Users\tuand\.m2\repository\com\sun\istack\istack-commons-runtime\4.1.2\istack-commons-runtime-4.1.2.jar;C:\Users\tuand\.m2\
Launcher Type: SUN_STANDARD

[Global flags]
     intx CICompilerCount                          = 4                                         {product} {ergonomic}
     uint ConcGCThreads                            = 3                                         {product} {ergonomic}
     uint G1ConcRefinementThreads                  = 10                                        {product} {ergonomic}
   size_t G1HeapRegionSize                         = 1048576                                   {product} {ergonomic}
    uintx GCDrainStackTargetSize                   = 64                                        {product} {ergonomic}
   size_t InitialHeapSize                          = 121634816                                 {product} {ergonomic}
   size_t MarkStackSize                            = 4194304                                   {product} {ergonomic}
   size_t MaxHeapSize                              = 1931476992                                {product} {ergonomic}
   size_t MaxNewSize                               = 1158676480                                {product} {ergonomic}
   size_t MinHeapDeltaBytes                        = 1048576                                   {product} {ergonomic}
   size_t MinHeapSize                              = 8388608                                   {product} {ergonomic}
    uintx NonNMethodCodeHeapSize                   = 5839372                                {pd product} {ergonomic}
    uintx NonProfiledCodeHeapSize                  = 122909434                              {pd product} {ergonomic}
    uintx ProfiledCodeHeapSize                     = 122909434                              {pd product} {ergonomic}
    uintx ReservedCodeCacheSize                    = 251658240                              {pd product} {ergonomic}
     bool SegmentedCodeCache                       = true                                      {product} {ergonomic}
   size_t SoftMaxHeapSize                          = 1931476992                             {manageable} {ergonomic}
     bool UseCompressedClassPointers               = true                           {product lp64_product} {ergonomic}
     bool UseCompressedOops                        = true                           {product lp64_product} {ergonomic}
     bool UseG1GC                                  = true                                      {product} {ergonomic}
     bool UseLargePagesIndividualAllocation        = false                                  {pd product} {ergonomic}

Logging:
Log output configuration:
 #0: stdout all=warning uptime,level,tags
 #1: stderr all=off uptime,level,tags

Environment Variables:
JAVA_HOME=C:\Program Files\Java\jdk-17
PATH=C:\Program Files\Common Files\Oracle\Java\javapath;C:\Program Files\Microsoft MPI\Bin\;C:\Program Files (x86)\Common Files\Oracle\Java\javapath;C:\Windows\system32;C:\Windows;C:\Windows\System32\Wbem;C:\Windows\System32\WindowsPowerShell\v1.0\;C:\Windows\System32\OpenSSH\;C:\Program Files (x86)\NVIDIA Corporation\PhysX\Common;C:\Program Files\NVIDIA Corporation\NVIDIA NvDLISR;C:\Program Files (x86)\Microsoft SQL Server\150\DTS\Binn\;C:\Program Files\Microsoft SQL Server\150\DTS\Binn\;C:\Program Files\Microsoft SQL Server\Client SDK\ODBC\170\Tools\Binn\;C:\Program Files (x86)\Microsoft SQL Server\150\Tools\Binn\;C:\Program Files\Microsoft SQL Server\150\Tools\Binn\;C:\Program Files (x86)\Microsoft SQL Server\160\DTS\Binn\;C:\Program Files\Azure Data Studio\bin;C:\Program Files\Cloudflare\Cloudflare WARP\;C:\Program Files\Docker\Docker\resources\bin;D:\Apps\Git\cmd;C:\Users\tuand\AppData\Local\Microsoft\WindowsApps;;D:\Microsoft VS Code\bin;C:\Program Files\Azure Data Studio\bin
USERNAME=tuand
OS=Windows_NT
PROCESSOR_IDENTIFIER=AMD64 Family 25 Model 68 Stepping 1, AuthenticAMD



---------------  S Y S T E M  ---------------

OS:
 Windows 11 , 64 bit Build 22621 (10.0.22621.3672)
OS uptime: 6 days 13:47 hours
Hyper-V role detected

CPU: total 12 (initial active 12) (12 cores per cpu, 2 threads per core) family 25 model 68 stepping 1 microcode 0x0, cx8, cmov, fxsr, ht, mmx, 3dnowpref, sse, sse2, sse3, ssse3, sse4a, sse4.1, sse4.2, popcnt, lzcnt, tsc, tscinvbit, avx, avx2, aes, erms, clmul, bmi1, bmi2, adx, sha, fma, vzeroupper, clflush, clflushopt, hv

Memory: 4k page, system-wide physical 7365M (311M free)
TotalPageFile size 22982M (AvailPageFile size 13M)
current process WorkingSet (physical memory assigned to process): 138M, peak: 138M
current process commit charge ("private bytes"): 254M, peak: 257M

vm_info: Java HotSpot(TM) 64-Bit Server VM (17.0.10+11-LTS-240) for windows-amd64 JRE (17.0.10+11-LTS-240), built on Dec 19 2023 21:47:25 by "mach5one" with MS VC++ 17.1 (VS2022)

END.
