#
# There is insufficient memory for the Java Runtime Environment to continue.
# Native memory allocation (malloc) failed to allocate 1286256 bytes for Chunk::new
# Possible reasons:
#   The system is out of physical RAM or swap space
#   The process is running with CompressedOops enabled, and the Java Heap may be blocking the growth of the native heap
# Possible solutions:
#   Reduce memory load on the system
#   Increase physical memory or swap space
#   Check if swap backing store is full
#   Decrease Java heap size (-Xmx/-Xms)
#   Decrease number of Java threads
#   Decrease Java thread stack sizes (-Xss)
#   Set larger code cache with -XX:ReservedCodeCacheSize=
#   JVM is running with Unscaled Compressed Oops mode in which the Java heap is
#     placed in the first 4GB address space. The Java Heap base address is the
#     maximum limit for the native heap growth. Please use -XX:HeapBaseMinAddress
#     to set the Java Heap base and to place the Java Heap above 4GB virtual address.
# This output file may be truncated or incomplete.
#
#  Out of Memory Error (arena.cpp:189), pid=10272, tid=22292
#
# JRE version: Java(TM) SE Runtime Environment (17.0.10+11) (build 17.0.10+11-LTS-240)
# Java VM: Java HotSpot(TM) 64-Bit Server VM (17.0.10+11-LTS-240, mixed mode, sharing, tiered, compressed oops, compressed class ptrs, g1 gc, windows-amd64)
# No core dump will be written. Minidumps are not enabled by default on client versions of Windows
#

---------------  S U M M A R Y ------------

Command Line: -javaagent:D:\Apps\IntelliJ IDEA Community Edition 2024.1.1\lib\idea_rt.jar=53859:D:\Apps\IntelliJ IDEA Community Edition 2024.1.1\bin -Dfile.encoding=UTF-8 com.example.TastyKing.TastyKingApplication

Host: AMD Ryzen 5 7535HS with Radeon Graphics        , 12 cores, 7G,  Windows 11 , 64 bit Build 22621 (10.0.22621.3672)
Time: Wed Jun 26 22:48:46 2024 SE Asia Standard Time elapsed time: 6.542134 seconds (0d 0h 0m 6s)

---------------  T H R E A D  ---------------

Current thread (0x00000179e070c640):  JavaThread "C2 CompilerThread1" daemon [_thread_in_native, id=22292, stack(0x0000000c15500000,0x0000000c15600000)]


Current CompileTask:
C2:   6542 4308   !   4       jdk.internal.loader.Resource::getBytes (244 bytes)

Stack: [0x0000000c15500000,0x0000000c15600000]
Native frames: (J=compiled Java code, j=interpreted, Vv=VM code, C=native code)
V  [jvm.dll+0x677a5a]
V  [jvm.dll+0x7d8b2d]
V  [jvm.dll+0x7da48e]
V  [jvm.dll+0x7daaf3]
V  [jvm.dll+0x2455ff]
V  [jvm.dll+0xaaafb]
V  [jvm.dll+0xab09c]
V  [jvm.dll+0x361b5f]
V  [jvm.dll+0x1bb1da]
V  [jvm.dll+0x217aa7]
V  [jvm.dll+0x216d81]
V  [jvm.dll+0x1a3410]
V  [jvm.dll+0x226aeb]
V  [jvm.dll+0x224cab]
V  [jvm.dll+0x78e45c]
V  [jvm.dll+0x78888a]
V  [jvm.dll+0x676935]
C  [ucrtbase.dll+0x29333]
C  [KERNEL32.DLL+0x1257d]
C  [ntdll.dll+0x5af28]


---------------  P R O C E S S  ---------------

Threads class SMR info:
_java_thread_list=0x0000017a26f207d0, length=18, elements={
0x00000179c24aff70, 0x00000179e0345590, 0x00000179e0347330, 0x00000179e0358fb0,
0x00000179e035aa90, 0x00000179e035b560, 0x00000179e035de40, 0x00000179e035ea40,
0x00000179e0369450, 0x00000179e036e960, 0x00000179e032d810, 0x00000179e070c640,
0x00000179e08b5240, 0x00000179e076a8d0, 0x0000017a26ffb900, 0x0000017a26ffa9d0,
0x0000017a26ffa4c0, 0x0000017a26ffc320
}

Java Threads: ( => current thread )
  0x00000179c24aff70 JavaThread "main" [_thread_blocked, id=5040, stack(0x0000000c14400000,0x0000000c14500000)]
  0x00000179e0345590 JavaThread "Reference Handler" daemon [_thread_blocked, id=23688, stack(0x0000000c14b00000,0x0000000c14c00000)]
  0x00000179e0347330 JavaThread "Finalizer" daemon [_thread_blocked, id=23696, stack(0x0000000c14c00000,0x0000000c14d00000)]
  0x00000179e0358fb0 JavaThread "Signal Dispatcher" daemon [_thread_blocked, id=22144, stack(0x0000000c14d00000,0x0000000c14e00000)]
  0x00000179e035aa90 JavaThread "Attach Listener" daemon [_thread_blocked, id=23692, stack(0x0000000c14e00000,0x0000000c14f00000)]
  0x00000179e035b560 JavaThread "Service Thread" daemon [_thread_blocked, id=23736, stack(0x0000000c14f00000,0x0000000c15000000)]
  0x00000179e035de40 JavaThread "Monitor Deflation Thread" daemon [_thread_blocked, id=23740, stack(0x0000000c15000000,0x0000000c15100000)]
  0x00000179e035ea40 JavaThread "C2 CompilerThread0" daemon [_thread_blocked, id=24040, stack(0x0000000c15100000,0x0000000c15200000)]
  0x00000179e0369450 JavaThread "C1 CompilerThread0" daemon [_thread_blocked, id=1484, stack(0x0000000c15200000,0x0000000c15300000)]
  0x00000179e036e960 JavaThread "Sweeper thread" daemon [_thread_blocked, id=21000, stack(0x0000000c15300000,0x0000000c15400000)]
  0x00000179e032d810 JavaThread "Common-Cleaner" daemon [_thread_blocked, id=2364, stack(0x0000000c15400000,0x0000000c15500000)]
=>0x00000179e070c640 JavaThread "C2 CompilerThread1" daemon [_thread_in_native, id=22292, stack(0x0000000c15500000,0x0000000c15600000)]
  0x00000179e08b5240 JavaThread "Monitor Ctrl-Break" daemon [_thread_in_native, id=21648, stack(0x0000000c15600000,0x0000000c15700000)]
  0x00000179e076a8d0 JavaThread "Notification Thread" daemon [_thread_blocked, id=19620, stack(0x0000000c15700000,0x0000000c15800000)]
  0x0000017a26ffb900 JavaThread "Catalina-utility-1" [_thread_blocked, id=2200, stack(0x0000000c16400000,0x0000000c16500000)]
  0x0000017a26ffa9d0 JavaThread "Catalina-utility-2" [_thread_blocked, id=24332, stack(0x0000000c16500000,0x0000000c16600000)]
  0x0000017a26ffa4c0 JavaThread "container-0" [_thread_blocked, id=12148, stack(0x0000000c16600000,0x0000000c16700000)]
  0x0000017a26ffc320 JavaThread "mysql-cj-abandoned-connection-cleanup" daemon [_thread_blocked, id=8576, stack(0x0000000c16700000,0x0000000c16800000)]

Other Threads:
  0x00000179e0341590 VMThread "VM Thread" [stack: 0x0000000c14a00000,0x0000000c14b00000] [id=23680]
  0x00000179e034c320 WatcherThread [stack: 0x0000000c15800000,0x0000000c15900000] [id=18180]
  0x00000179c2506870 GCTaskThread "GC Thread#0" [stack: 0x0000000c14500000,0x0000000c14600000] [id=5616]
  0x0000017a26972550 GCTaskThread "GC Thread#1" [stack: 0x0000000c15900000,0x0000000c15a00000] [id=12056]
  0x0000017a269c3480 GCTaskThread "GC Thread#2" [stack: 0x0000000c15a00000,0x0000000c15b00000] [id=7016]
  0x0000017a269c3740 GCTaskThread "GC Thread#3" [stack: 0x0000000c15b00000,0x0000000c15c00000] [id=884]
  0x0000017a269c4020 GCTaskThread "GC Thread#4" [stack: 0x0000000c15c00000,0x0000000c15d00000] [id=6656]
  0x0000017a269c42e0 GCTaskThread "GC Thread#5" [stack: 0x0000000c15d00000,0x0000000c15e00000] [id=22944]
  0x0000017a270ad480 GCTaskThread "GC Thread#6" [stack: 0x0000000c15f00000,0x0000000c16000000] [id=8380]
  0x0000017a26a5fb00 GCTaskThread "GC Thread#7" [stack: 0x0000000c16000000,0x0000000c16100000] [id=21304]
  0x0000017a26ad95d0 GCTaskThread "GC Thread#8" [stack: 0x0000000c16100000,0x0000000c16200000] [id=18172]
  0x0000017a26efec20 GCTaskThread "GC Thread#9" [stack: 0x0000000c16200000,0x0000000c16300000] [id=9020]
  0x00000179c2515e00 ConcurrentGCThread "G1 Main Marker" [stack: 0x0000000c14600000,0x0000000c14700000] [id=18472]
  0x00000179c2516810 ConcurrentGCThread "G1 Conc#0" [stack: 0x0000000c14700000,0x0000000c14800000] [id=23668]
  0x0000017a284baad0 ConcurrentGCThread "G1 Conc#1" [stack: 0x0000000c15e00000,0x0000000c15f00000] [id=21712]
  0x0000017a284b9d10 ConcurrentGCThread "G1 Conc#2" [stack: 0x0000000c16300000,0x0000000c16400000] [id=22004]
  0x00000179e02034d0 ConcurrentGCThread "G1 Refine#0" [stack: 0x0000000c14800000,0x0000000c14900000] [id=23672]
  0x00000179c25694f0 ConcurrentGCThread "G1 Service" [stack: 0x0000000c14900000,0x0000000c14a00000] [id=23676]

Threads with active compile tasks:
C2 CompilerThread1     6585 4308   !   4       jdk.internal.loader.Resource::getBytes (244 bytes)

VM state: not at safepoint (normal execution)

VM Mutex/Monitor currently owned by a thread: None

Heap address: 0x000000008ce00000, size: 1842 MB, Compressed Oops mode: 32-bit

CDS archive(s) mapped at: [0x00000179e1000000-0x00000179e1bd0000-0x00000179e1bd0000), size 12386304, SharedBaseAddress: 0x00000179e1000000, ArchiveRelocationMode: 1.
Compressed class space mapped at: 0x00000179e2000000-0x0000017a22000000, reserved size: 1073741824
Narrow klass base: 0x00000179e1000000, Narrow klass shift: 0, Narrow klass range: 0x100000000

GC Precious Log:
 CPUs: 12 total, 12 available
 Memory: 7365M
 Large Page Support: Disabled
 NUMA Support: Disabled
 Compressed Oops: Enabled (32-bit)
 Heap Region Size: 1M
 Heap Min Capacity: 8M
 Heap Initial Capacity: 116M
 Heap Max Capacity: 1842M
 Pre-touch: Disabled
 Parallel Workers: 10
 Concurrent Workers: 3
 Concurrent Refinement Workers: 10
 Periodic GC: Disabled

Heap:
 garbage-first heap   total 55296K, used 34999K [0x000000008ce00000, 0x0000000100000000)
  region size 1024K, 18 young (18432K), 3 survivors (3072K)
 Metaspace       used 39656K, committed 40128K, reserved 1114112K
  class space    used 5276K, committed 5504K, reserved 1048576K

Heap Regions: E=young(eden), S=young(survivor), O=old, HS=humongous(starts), HC=humongous(continues), CS=collection set, F=free, OA=open archive, CA=closed archive, TAMS=top-at-mark-start (previous, next)
|   0|0x000000008ce00000, 0x000000008cf00000, 0x000000008cf00000|100%|HS|  |TAMS 0x000000008cf00000, 0x000000008ce00000| Complete 
|   1|0x000000008cf00000, 0x000000008d000000, 0x000000008d000000|100%| O|  |TAMS 0x000000008d000000, 0x000000008cf00000| Untracked 
|   2|0x000000008d000000, 0x000000008d100000, 0x000000008d100000|100%| O|  |TAMS 0x000000008d100000, 0x000000008d000000| Untracked 
|   3|0x000000008d100000, 0x000000008d200000, 0x000000008d200000|100%| O|  |TAMS 0x000000008d200000, 0x000000008d100000| Untracked 
|   4|0x000000008d200000, 0x000000008d300000, 0x000000008d300000|100%| O|  |TAMS 0x000000008d300000, 0x000000008d200000| Untracked 
|   5|0x000000008d300000, 0x000000008d400000, 0x000000008d400000|100%| O|  |TAMS 0x000000008d400000, 0x000000008d300000| Untracked 
|   6|0x000000008d400000, 0x000000008d500000, 0x000000008d500000|100%| O|  |TAMS 0x000000008d500000, 0x000000008d400000| Untracked 
|   7|0x000000008d500000, 0x000000008d600000, 0x000000008d600000|100%| O|  |TAMS 0x000000008d600000, 0x000000008d500000| Untracked 
|   8|0x000000008d600000, 0x000000008d700000, 0x000000008d700000|100%| O|  |TAMS 0x000000008d700000, 0x000000008d600000| Untracked 
|   9|0x000000008d700000, 0x000000008d800000, 0x000000008d800000|100%| O|  |TAMS 0x000000008d800000, 0x000000008d700000| Untracked 
|  10|0x000000008d800000, 0x000000008d900000, 0x000000008d900000|100%| O|  |TAMS 0x000000008d900000, 0x000000008d800000| Untracked 
|  11|0x000000008d900000, 0x000000008da00000, 0x000000008da00000|100%| O|  |TAMS 0x000000008da00000, 0x000000008d900000| Untracked 
|  12|0x000000008da00000, 0x000000008db00000, 0x000000008db00000|100%| O|  |TAMS 0x000000008db00000, 0x000000008da00000| Untracked 
|  13|0x000000008db00000, 0x000000008dc00000, 0x000000008dc00000|100%| O|  |TAMS 0x000000008dc00000, 0x000000008db00000| Untracked 
|  14|0x000000008dc00000, 0x000000008dd00000, 0x000000008dd00000|100%| O|  |TAMS 0x000000008dd00000, 0x000000008dc00000| Untracked 
|  15|0x000000008dd00000, 0x000000008de00000, 0x000000008de00000|100%| O|  |TAMS 0x000000008de00000, 0x000000008dd00000| Untracked 
|  16|0x000000008de00000, 0x000000008df00000, 0x000000008df00000|100%| O|  |TAMS 0x000000008df00000, 0x000000008de00000| Complete 
|  17|0x000000008df00000, 0x000000008e000000, 0x000000008e000000|100%| O|  |TAMS 0x000000008e000000, 0x000000008df00000| Untracked 
|  18|0x000000008e000000, 0x000000008e000000, 0x000000008e100000|  0%| F|  |TAMS 0x000000008e000000, 0x000000008e000000| Untracked 
|  19|0x000000008e100000, 0x000000008e100000, 0x000000008e200000|  0%| F|  |TAMS 0x000000008e100000, 0x000000008e100000| Untracked 
|  20|0x000000008e200000, 0x000000008e200000, 0x000000008e300000|  0%| F|  |TAMS 0x000000008e200000, 0x000000008e200000| Untracked 
|  21|0x000000008e300000, 0x000000008e300000, 0x000000008e400000|  0%| F|  |TAMS 0x000000008e300000, 0x000000008e300000| Untracked 
|  22|0x000000008e400000, 0x000000008e400000, 0x000000008e500000|  0%| F|  |TAMS 0x000000008e400000, 0x000000008e400000| Untracked 
|  23|0x000000008e500000, 0x000000008e500000, 0x000000008e600000|  0%| F|  |TAMS 0x000000008e500000, 0x000000008e500000| Untracked 
|  24|0x000000008e600000, 0x000000008e600000, 0x000000008e700000|  0%| F|  |TAMS 0x000000008e600000, 0x000000008e600000| Untracked 
|  25|0x000000008e700000, 0x000000008e700000, 0x000000008e800000|  0%| F|  |TAMS 0x000000008e700000, 0x000000008e700000| Untracked 
|  26|0x000000008e800000, 0x000000008e800000, 0x000000008e900000|  0%| F|  |TAMS 0x000000008e800000, 0x000000008e800000| Untracked 
|  27|0x000000008e900000, 0x000000008e900000, 0x000000008ea00000|  0%| F|  |TAMS 0x000000008e900000, 0x000000008e900000| Untracked 
|  28|0x000000008ea00000, 0x000000008ea00000, 0x000000008eb00000|  0%| F|  |TAMS 0x000000008ea00000, 0x000000008ea00000| Untracked 
|  29|0x000000008eb00000, 0x000000008eb00000, 0x000000008ec00000|  0%| F|  |TAMS 0x000000008eb00000, 0x000000008eb00000| Untracked 
|  30|0x000000008ec00000, 0x000000008ec00000, 0x000000008ed00000|  0%| F|  |TAMS 0x000000008ec00000, 0x000000008ec00000| Untracked 
|  31|0x000000008ed00000, 0x000000008ed00000, 0x000000008ee00000|  0%| F|  |TAMS 0x000000008ed00000, 0x000000008ed00000| Untracked 
|  32|0x000000008ee00000, 0x000000008ee00000, 0x000000008ef00000|  0%| F|  |TAMS 0x000000008ee00000, 0x000000008ee00000| Untracked 
|  33|0x000000008ef00000, 0x000000008ef00000, 0x000000008f000000|  0%| F|  |TAMS 0x000000008ef00000, 0x000000008ef00000| Untracked 
|  34|0x000000008f000000, 0x000000008f000000, 0x000000008f100000|  0%| F|  |TAMS 0x000000008f000000, 0x000000008f000000| Untracked 
|  35|0x000000008f100000, 0x000000008f12dc30, 0x000000008f200000| 17%| S|CS|TAMS 0x000000008f100000, 0x000000008f100000| Complete 
|  36|0x000000008f200000, 0x000000008f300000, 0x000000008f300000|100%| S|CS|TAMS 0x000000008f200000, 0x000000008f200000| Complete 
|  37|0x000000008f300000, 0x000000008f400000, 0x000000008f400000|100%| S|CS|TAMS 0x000000008f300000, 0x000000008f300000| Complete 
|  38|0x000000008f400000, 0x000000008f400000, 0x000000008f500000|  0%| F|  |TAMS 0x000000008f400000, 0x000000008f400000| Untracked 
|  39|0x000000008f500000, 0x000000008f5f58a8, 0x000000008f600000| 95%| E|  |TAMS 0x000000008f500000, 0x000000008f500000| Complete 
|  40|0x000000008f600000, 0x000000008f700000, 0x000000008f700000|100%| E|CS|TAMS 0x000000008f600000, 0x000000008f600000| Complete 
|  41|0x000000008f700000, 0x000000008f800000, 0x000000008f800000|100%| E|CS|TAMS 0x000000008f700000, 0x000000008f700000| Complete 
|  42|0x000000008f800000, 0x000000008f900000, 0x000000008f900000|100%| E|CS|TAMS 0x000000008f800000, 0x000000008f800000| Complete 
|  43|0x000000008f900000, 0x000000008fa00000, 0x000000008fa00000|100%| E|CS|TAMS 0x000000008f900000, 0x000000008f900000| Complete 
|  44|0x000000008fa00000, 0x000000008fb00000, 0x000000008fb00000|100%| E|CS|TAMS 0x000000008fa00000, 0x000000008fa00000| Complete 
|  45|0x000000008fb00000, 0x000000008fc00000, 0x000000008fc00000|100%| E|CS|TAMS 0x000000008fb00000, 0x000000008fb00000| Complete 
|  55|0x0000000090500000, 0x0000000090600000, 0x0000000090600000|100%| E|CS|TAMS 0x0000000090500000, 0x0000000090500000| Complete 
|  56|0x0000000090600000, 0x0000000090700000, 0x0000000090700000|100%| E|CS|TAMS 0x0000000090600000, 0x0000000090600000| Complete 
|  57|0x0000000090700000, 0x0000000090800000, 0x0000000090800000|100%| E|CS|TAMS 0x0000000090700000, 0x0000000090700000| Complete 
|  58|0x0000000090800000, 0x0000000090900000, 0x0000000090900000|100%| E|CS|TAMS 0x0000000090800000, 0x0000000090800000| Complete 
|  59|0x0000000090900000, 0x0000000090a00000, 0x0000000090a00000|100%| E|CS|TAMS 0x0000000090900000, 0x0000000090900000| Complete 
|  60|0x0000000090a00000, 0x0000000090b00000, 0x0000000090b00000|100%| E|CS|TAMS 0x0000000090a00000, 0x0000000090a00000| Complete 
|  61|0x0000000090b00000, 0x0000000090c00000, 0x0000000090c00000|100%| E|CS|TAMS 0x0000000090b00000, 0x0000000090b00000| Complete 
| 115|0x0000000094100000, 0x0000000094200000, 0x0000000094200000|100%| E|CS|TAMS 0x0000000094100000, 0x0000000094100000| Complete 

Card table byte_map: [0x00000179d9640000,0x00000179d99e0000] _byte_map_base: 0x00000179d91d9000

Marking Bits (Prev, Next): (CMBitMap*) 0x00000179c2506e90, (CMBitMap*) 0x00000179c2506ed0
 Prev Bits: [0x00000179d9d80000, 0x00000179dba48000)
 Next Bits: [0x00000179dba50000, 0x00000179dd718000)

Polling page: 0x00000179c0490000

Metaspace:

Usage:
  Non-class:     33.57 MB used.
      Class:      5.15 MB used.
       Both:     38.73 MB used.

Virtual space:
  Non-class space:       64.00 MB reserved,      33.81 MB ( 53%) committed,  1 nodes.
      Class space:        1.00 GB reserved,       5.38 MB ( <1%) committed,  1 nodes.
             Both:        1.06 GB reserved,      39.19 MB (  4%) committed. 

Chunk freelists:
   Non-Class:  14.03 MB
       Class:  10.66 MB
        Both:  24.69 MB

MaxMetaspaceSize: unlimited
CompressedClassSpaceSize: 1.00 GB
Initial GC threshold: 21.00 MB
Current GC threshold: 58.69 MB
CDS: on
MetaspaceReclaimPolicy: balanced
 - commit_granule_bytes: 65536.
 - commit_granule_words: 8192.
 - virtual_space_node_default_size: 8388608.
 - enlarge_chunks_in_place: 1.
 - new_chunks_are_fully_committed: 0.
 - uncommit_free_chunks: 1.
 - use_allocation_guard: 0.
 - handle_deallocations: 1.


Internal statistics:

num_allocs_failed_limit: 6.
num_arena_births: 556.
num_arena_deaths: 0.
num_vsnodes_births: 2.
num_vsnodes_deaths: 0.
num_space_committed: 627.
num_space_uncommitted: 0.
num_chunks_returned_to_freelist: 6.
num_chunks_taken_from_freelist: 2005.
num_chunk_merges: 6.
num_chunk_splits: 1414.
num_chunks_enlarged: 1071.
num_inconsistent_stats: 0.

CodeHeap 'non-profiled nmethods': size=120000Kb used=2730Kb max_used=2730Kb free=117270Kb
 bounds [0x00000179d1820000, 0x00000179d1ad0000, 0x00000179d8d50000]
CodeHeap 'profiled nmethods': size=120000Kb used=9118Kb max_used=9118Kb free=110881Kb
 bounds [0x00000179c9d50000, 0x00000179ca640000, 0x00000179d1280000]
CodeHeap 'non-nmethods': size=5760Kb used=1237Kb max_used=1295Kb free=4522Kb
 bounds [0x00000179d1280000, 0x00000179d14f0000, 0x00000179d1820000]
 total_blobs=4889 nmethods=4345 adapters=456
 compilation: enabled
              stopped_count=0, restarted_count=0
 full_count=0

Compilation events (20 events):
Event: 6.421 Thread 0x00000179e0369450 nmethod 4342 0x00000179ca635e10 code [0x00000179ca635fc0, 0x00000179ca6361e8]
Event: 6.422 Thread 0x00000179e0369450 4345       1       com.mysql.cj.conf.AbstractPropertyDefinition::getDefaultValue (5 bytes)
Event: 6.422 Thread 0x00000179e0369450 nmethod 4345 0x00000179d1ac6810 code [0x00000179d1ac69a0, 0x00000179d1ac6a78]
Event: 6.422 Thread 0x00000179e0369450 4346       1       com.mysql.cj.conf.AbstractRuntimeProperty::getPropertyDefinition (5 bytes)
Event: 6.422 Thread 0x00000179e0369450 nmethod 4346 0x00000179d1ac6b10 code [0x00000179d1ac6ca0, 0x00000179d1ac6d78]
Event: 6.423 Thread 0x00000179e0369450 4347       1       com.mysql.cj.conf.AbstractPropertyDefinition::getName (5 bytes)
Event: 6.423 Thread 0x00000179e0369450 nmethod 4347 0x00000179d1ac6e10 code [0x00000179d1ac6fa0, 0x00000179d1ac7078]
Event: 6.423 Thread 0x00000179e0369450 4348       1       com.mysql.cj.conf.AbstractPropertyDefinition::getCcAlias (5 bytes)
Event: 6.423 Thread 0x00000179e0369450 nmethod 4348 0x00000179d1ac7110 code [0x00000179d1ac72a0, 0x00000179d1ac7378]
Event: 6.437 Thread 0x00000179e0369450 4349   !   3       com.mysql.cj.conf.DefaultPropertySet::getProperty (52 bytes)
Event: 6.437 Thread 0x00000179e0369450 nmethod 4349 0x00000179ca636290 code [0x00000179ca636480, 0x00000179ca636ba8]
Event: 6.447 Thread 0x00000179e035ea40 nmethod 4326 0x00000179d1ac7410 code [0x00000179d1ac7640, 0x00000179d1ac8910]
Event: 6.447 Thread 0x00000179e035ea40 4344       4       java.util.ArrayDeque::poll (5 bytes)
Event: 6.448 Thread 0x00000179e035ea40 nmethod 4344 0x00000179d1ac9510 code [0x00000179d1ac9680, 0x00000179d1ac9798]
Event: 6.449 Thread 0x00000179e035ea40 4350       4       jdk.internal.org.objectweb.asm.MethodWriter::visitInsn (115 bytes)
Event: 6.463 Thread 0x00000179e035ea40 nmethod 4350 0x00000179d1ac9890 code [0x00000179d1ac9a60, 0x00000179d1aca358]
Event: 6.476 Thread 0x00000179e0369450 4351       3       sun.invoke.util.Wrapper::forBasicType (16 bytes)
Event: 6.476 Thread 0x00000179e0369450 nmethod 4351 0x00000179ca636e10 code [0x00000179ca636fc0, 0x00000179ca637168]
Event: 6.483 Thread 0x00000179e0369450 4352       3       java.lang.Throwable::<init> (34 bytes)
Event: 6.483 Thread 0x00000179e0369450 nmethod 4352 0x00000179ca637210 code [0x00000179ca6373e0, 0x00000179ca6377a8]

GC Heap History (16 events):
Event: 0.753 GC heap before
{Heap before GC invocations=0 (full 0):
 garbage-first heap   total 118784K, used 23552K [0x000000008ce00000, 0x0000000100000000)
  region size 1024K, 23 young (23552K), 0 survivors (0K)
 Metaspace       used 6228K, committed 6464K, reserved 1114112K
  class space    used 736K, committed 832K, reserved 1048576K
}
Event: 0.760 GC heap after
{Heap after GC invocations=1 (full 0):
 garbage-first heap   total 118784K, used 7448K [0x000000008ce00000, 0x0000000100000000)
  region size 1024K, 3 young (3072K), 3 survivors (3072K)
 Metaspace       used 6228K, committed 6464K, reserved 1114112K
  class space    used 736K, committed 832K, reserved 1048576K
}
Event: 1.296 GC heap before
{Heap before GC invocations=1 (full 0):
 garbage-first heap   total 118784K, used 36120K [0x000000008ce00000, 0x0000000100000000)
  region size 1024K, 31 young (31744K), 3 survivors (3072K)
 Metaspace       used 12868K, committed 13120K, reserved 1114112K
  class space    used 1721K, committed 1856K, reserved 1048576K
}
Event: 1.302 GC heap after
{Heap after GC invocations=2 (full 0):
 garbage-first heap   total 118784K, used 9997K [0x000000008ce00000, 0x0000000100000000)
  region size 1024K, 3 young (3072K), 3 survivors (3072K)
 Metaspace       used 12868K, committed 13120K, reserved 1114112K
  class space    used 1721K, committed 1856K, reserved 1048576K
}
Event: 2.078 GC heap before
{Heap before GC invocations=2 (full 0):
 garbage-first heap   total 118784K, used 60173K [0x000000008ce00000, 0x0000000100000000)
  region size 1024K, 54 young (55296K), 3 survivors (3072K)
 Metaspace       used 21263K, committed 21504K, reserved 1114112K
  class space    used 2691K, committed 2752K, reserved 1048576K
}
Event: 2.087 GC heap after
{Heap after GC invocations=3 (full 0):
 garbage-first heap   total 118784K, used 14571K [0x000000008ce00000, 0x0000000100000000)
  region size 1024K, 7 young (7168K), 7 survivors (7168K)
 Metaspace       used 21263K, committed 21504K, reserved 1114112K
  class space    used 2691K, committed 2752K, reserved 1048576K
}
Event: 2.955 GC heap before
{Heap before GC invocations=4 (full 0):
 garbage-first heap   total 55296K, used 40171K [0x000000008ce00000, 0x0000000100000000)
  region size 1024K, 32 young (32768K), 7 survivors (7168K)
 Metaspace       used 24833K, committed 25216K, reserved 1114112K
  class space    used 3204K, committed 3392K, reserved 1048576K
}
Event: 2.968 GC heap after
{Heap after GC invocations=5 (full 0):
 garbage-first heap   total 55296K, used 16144K [0x000000008ce00000, 0x0000000100000000)
  region size 1024K, 2 young (2048K), 2 survivors (2048K)
 Metaspace       used 24833K, committed 25216K, reserved 1114112K
  class space    used 3204K, committed 3392K, reserved 1048576K
}
Event: 2.999 GC heap before
{Heap before GC invocations=5 (full 0):
 garbage-first heap   total 55296K, used 17168K [0x000000008ce00000, 0x0000000100000000)
  region size 1024K, 3 young (3072K), 2 survivors (2048K)
 Metaspace       used 25077K, committed 25408K, reserved 1114112K
  class space    used 3238K, committed 3392K, reserved 1048576K
}
Event: 3.004 GC heap after
{Heap after GC invocations=6 (full 0):
 garbage-first heap   total 55296K, used 16886K [0x000000008ce00000, 0x0000000100000000)
  region size 1024K, 1 young (1024K), 1 survivors (1024K)
 Metaspace       used 25077K, committed 25408K, reserved 1114112K
  class space    used 3238K, committed 3392K, reserved 1048576K
}
Event: 4.274 GC heap before
{Heap before GC invocations=6 (full 0):
 garbage-first heap   total 55296K, used 38390K [0x000000008ce00000, 0x0000000100000000)
  region size 1024K, 22 young (22528K), 1 survivors (1024K)
 Metaspace       used 28589K, committed 28992K, reserved 1114112K
  class space    used 3770K, committed 3968K, reserved 1048576K
}
Event: 4.284 GC heap after
{Heap after GC invocations=7 (full 0):
 garbage-first heap   total 55296K, used 18523K [0x000000008ce00000, 0x0000000100000000)
  region size 1024K, 3 young (3072K), 3 survivors (3072K)
 Metaspace       used 28589K, committed 28992K, reserved 1114112K
  class space    used 3770K, committed 3968K, reserved 1048576K
}
Event: 5.173 GC heap before
{Heap before GC invocations=7 (full 0):
 garbage-first heap   total 55296K, used 39003K [0x000000008ce00000, 0x0000000100000000)
  region size 1024K, 23 young (23552K), 3 survivors (3072K)
 Metaspace       used 32002K, committed 32448K, reserved 1114112K
  class space    used 4174K, committed 4352K, reserved 1048576K
}
Event: 5.176 GC heap after
{Heap after GC invocations=8 (full 0):
 garbage-first heap   total 55296K, used 19989K [0x000000008ce00000, 0x0000000100000000)
  region size 1024K, 2 young (2048K), 2 survivors (2048K)
 Metaspace       used 32002K, committed 32448K, reserved 1114112K
  class space    used 4174K, committed 4352K, reserved 1048576K
}
Event: 5.716 GC heap before
{Heap before GC invocations=8 (full 0):
 garbage-first heap   total 55296K, used 34325K [0x000000008ce00000, 0x0000000100000000)
  region size 1024K, 18 young (18432K), 2 survivors (2048K)
 Metaspace       used 35577K, committed 35968K, reserved 1114112K
  class space    used 4695K, committed 4864K, reserved 1048576K
}
Event: 5.719 GC heap after
{Heap after GC invocations=9 (full 0):
 garbage-first heap   total 55296K, used 20663K [0x000000008ce00000, 0x0000000100000000)
  region size 1024K, 3 young (3072K), 3 survivors (3072K)
 Metaspace       used 35577K, committed 35968K, reserved 1114112K
  class space    used 4695K, committed 4864K, reserved 1048576K
}

Deoptimization events (20 events):
Event: 6.355 Thread 0x00000179c24aff70 DEOPT PACKING pc=0x00000179ca62be31 sp=0x0000000c144facf0
Event: 6.355 Thread 0x00000179c24aff70 DEOPT UNPACKING pc=0x00000179d12d2b43 sp=0x0000000c144fa1e0 mode 0
Event: 6.355 Thread 0x00000179c24aff70 DEOPT PACKING pc=0x00000179ca62be31 sp=0x0000000c144facf0
Event: 6.355 Thread 0x00000179c24aff70 DEOPT UNPACKING pc=0x00000179d12d2b43 sp=0x0000000c144fa1e0 mode 0
Event: 6.355 Thread 0x00000179c24aff70 DEOPT PACKING pc=0x00000179ca62be31 sp=0x0000000c144facf0
Event: 6.355 Thread 0x00000179c24aff70 DEOPT UNPACKING pc=0x00000179d12d2b43 sp=0x0000000c144fa1e0 mode 0
Event: 6.356 Thread 0x00000179c24aff70 DEOPT PACKING pc=0x00000179ca62be31 sp=0x0000000c144facf0
Event: 6.356 Thread 0x00000179c24aff70 DEOPT UNPACKING pc=0x00000179d12d2b43 sp=0x0000000c144fa1e0 mode 0
Event: 6.356 Thread 0x00000179c24aff70 DEOPT PACKING pc=0x00000179ca62be31 sp=0x0000000c144facf0
Event: 6.356 Thread 0x00000179c24aff70 DEOPT UNPACKING pc=0x00000179d12d2b43 sp=0x0000000c144fa1e0 mode 0
Event: 6.356 Thread 0x00000179c24aff70 DEOPT PACKING pc=0x00000179ca62be31 sp=0x0000000c144facf0
Event: 6.356 Thread 0x00000179c24aff70 DEOPT UNPACKING pc=0x00000179d12d2b43 sp=0x0000000c144fa1e0 mode 0
Event: 6.357 Thread 0x00000179c24aff70 DEOPT PACKING pc=0x00000179ca62be31 sp=0x0000000c144facf0
Event: 6.357 Thread 0x00000179c24aff70 DEOPT UNPACKING pc=0x00000179d12d2b43 sp=0x0000000c144fa1e0 mode 0
Event: 6.357 Thread 0x00000179c24aff70 DEOPT PACKING pc=0x00000179ca62be31 sp=0x0000000c144facf0
Event: 6.357 Thread 0x00000179c24aff70 DEOPT UNPACKING pc=0x00000179d12d2b43 sp=0x0000000c144fa1e0 mode 0
Event: 6.357 Thread 0x00000179c24aff70 DEOPT PACKING pc=0x00000179ca62be31 sp=0x0000000c144facf0
Event: 6.357 Thread 0x00000179c24aff70 DEOPT UNPACKING pc=0x00000179d12d2b43 sp=0x0000000c144fa1e0 mode 0
Event: 6.358 Thread 0x00000179c24aff70 DEOPT PACKING pc=0x00000179ca62be31 sp=0x0000000c144facf0
Event: 6.358 Thread 0x00000179c24aff70 DEOPT UNPACKING pc=0x00000179d12d2b43 sp=0x0000000c144fa1e0 mode 0

Classes unloaded (0 events):
No events

Classes redefined (0 events):
No events

Internal exceptions (20 events):
Event: 4.191 Thread 0x00000179c24aff70 Exception <a 'java/lang/NoSuchMethodError'{0x000000008f1f0950}: 'void java.lang.invoke.DirectMethodHandle$Holder.invokeVirtual(java.lang.Object, java.lang.Object, int)'> (0x000000008f1f0950) 
thrown [s\open\src\hotspot\share\interpreter\linkResolver.cpp, line 759]
Event: 4.193 Thread 0x00000179c24aff70 Exception <a 'java/lang/NoSuchMethodError'{0x000000008f1f6b98}: 'void java.lang.invoke.DirectMethodHandle$Holder.invokeStatic(java.lang.Object, java.lang.Object, java.lang.Object, int, java.lang.Object)'> (0x000000008f1f6b98) 
thrown [s\open\src\hotspot\share\interpreter\linkResolver.cpp, line 759]
Event: 4.193 Thread 0x00000179c24aff70 Exception <a 'java/lang/NoSuchMethodError'{0x000000008f1fe0a0}: 'java.lang.Object java.lang.invoke.DirectMethodHandle$Holder.newInvokeSpecial(java.lang.Object, java.lang.Object, java.lang.Object, int)'> (0x000000008f1fe0a0) 
thrown [s\open\src\hotspot\share\interpreter\linkResolver.cpp, line 759]
Event: 4.193 Thread 0x00000179c24aff70 Exception <a 'java/lang/NoSuchMethodError'{0x000000008f002a18}: 'java.lang.Object java.lang.invoke.DirectMethodHandle$Holder.invokeSpecial(java.lang.Object, java.lang.Object, java.lang.Object, java.lang.Object, int)'> (0x000000008f002a18) 
thrown [s\open\src\hotspot\share\interpreter\linkResolver.cpp, line 759]
Event: 4.194 Thread 0x00000179c24aff70 Exception <a 'java/lang/NoSuchMethodError'{0x000000008f0065e0}: 'java.lang.Object java.lang.invoke.Invokers$Holder.linkToTargetMethod(java.lang.Object, java.lang.Object, int, java.lang.Object)'> (0x000000008f0065e0) 
thrown [s\open\src\hotspot\share\interpreter\linkResolver.cpp, line 759]
Event: 4.356 Thread 0x00000179c24aff70 Exception <a 'java/lang/NoSuchMethodError'{0x0000000090a84d68}: 'java.lang.Object java.lang.invoke.DirectMethodHandle$Holder.invokeStaticInit(java.lang.Object, int, int, int, int)'> (0x0000000090a84d68) 
thrown [s\open\src\hotspot\share\interpreter\linkResolver.cpp, line 759]
Event: 4.458 Thread 0x00000179c24aff70 Exception <a 'java/lang/NoSuchMethodError'{0x00000000909600f8}: 'java.lang.Object java.lang.invoke.DirectMethodHandle$Holder.invokeStaticInit(java.lang.Object, java.lang.Object, int, int, int, int)'> (0x00000000909600f8) 
thrown [s\open\src\hotspot\share\interpreter\linkResolver.cpp, line 759]
Event: 4.844 Thread 0x00000179c24aff70 Exception <a 'java/lang/NoSuchMethodError'{0x000000008fb887b8}: 'java.lang.Object java.lang.invoke.DirectMethodHandle$Holder.invokeSpecial(java.lang.Object, java.lang.Object, long, java.lang.Object, java.lang.Object, java.lang.Object, java.lang.Object, java.lang.Object, java.lang.Object)'> (0x000000008fb887b8) 
thrown [s\open\src\hotspot\share\interpreter\linkResolver.cpp, line 759]
Event: 4.845 Thread 0x00000179c24aff70 Exception <a 'java/lang/NoSuchMethodError'{0x000000008fb8d2e0}: 'java.lang.Object java.lang.invoke.DelegatingMethodHandle$Holder.reinvoke_L(java.lang.Object, long, java.lang.Object, java.lang.Object, java.lang.Object, java.lang.Object, java.lang.Object, java.lang.Object)'> (0x000000008fb8d2e0) 
thrown [s\open\src\hotspot\share\interpreter\linkResolver.cpp, line 759]
Event: 4.888 Thread 0x00000179c24aff70 Implicit null exception at 0x00000179d18ecc74 to 0x00000179d18ee348
Event: 4.937 Thread 0x00000179c24aff70 Exception <a 'java/io/FileNotFoundException'{0x000000008faf2a00}> (0x000000008faf2a00) 
thrown [s\open\src\hotspot\share\prims\jni.cpp, line 516]
Event: 4.985 Thread 0x00000179c24aff70 Exception <a 'java/lang/NoSuchMethodError'{0x000000008f8b27f8}: 'int java.lang.invoke.DirectMethodHandle$Holder.invokeInterface(java.lang.Object, java.lang.Object, java.lang.Object, java.lang.Object)'> (0x000000008f8b27f8) 
thrown [s\open\src\hotspot\share\interpreter\linkResolver.cpp, line 759]
Event: 5.081 Thread 0x00000179c24aff70 Exception <a 'java/lang/NoSuchMethodError'{0x000000008f5f9a60}: 'long java.lang.invoke.DirectMethodHandle$Holder.invokeVirtual(java.lang.Object, java.lang.Object)'> (0x000000008f5f9a60) 
thrown [s\open\src\hotspot\share\interpreter\linkResolver.cpp, line 759]
Event: 5.258 Thread 0x00000179c24aff70 Implicit null exception at 0x00000179d19b00b7 to 0x00000179d19b05d8
Event: 5.266 Thread 0x00000179c24aff70 Exception <a 'sun/nio/fs/WindowsException'{0x0000000090a525e8}> (0x0000000090a525e8) 
thrown [s\open\src\hotspot\share\prims\jni.cpp, line 516]
Event: 6.284 Thread 0x00000179c24aff70 Exception <a 'java/lang/NoSuchMethodError'{0x000000008faa5400}: 'int java.lang.invoke.DirectMethodHandle$Holder.invokeStatic(java.lang.Object)'> (0x000000008faa5400) 
thrown [s\open\src\hotspot\share\interpreter\linkResolver.cpp, line 759]
Event: 6.480 Thread 0x00000179c24aff70 Exception <a 'java/net/ConnectException'{0x000000008f597d30}: Connection refused: no further information> (0x000000008f597d30) 
thrown [s\open\src\hotspot\share\prims\jni.cpp, line 535]
Event: 6.481 Thread 0x00000179c24aff70 Exception <a 'java/net/SocketException'{0x000000008f598418}: Socket is not connected: shutdown> (0x000000008f598418) 
thrown [s\open\src\hotspot\share\prims\jni.cpp, line 535]
Event: 6.482 Thread 0x00000179c24aff70 Exception <a 'java/net/ConnectException'{0x000000008f599070}: Connection refused: no further information> (0x000000008f599070) 
thrown [s\open\src\hotspot\share\prims\jni.cpp, line 535]
Event: 6.482 Thread 0x00000179c24aff70 Exception <a 'java/net/SocketException'{0x000000008f599650}: Socket is not connected: shutdown> (0x000000008f599650) 
thrown [s\open\src\hotspot\share\prims\jni.cpp, line 535]

VM Operations (20 events):
Event: 4.776 Executing VM operation: HandshakeAllThreads
Event: 4.776 Executing VM operation: HandshakeAllThreads done
Event: 4.925 Executing VM operation: HandshakeAllThreads
Event: 4.925 Executing VM operation: HandshakeAllThreads done
Event: 5.045 Executing VM operation: HandshakeAllThreads
Event: 5.045 Executing VM operation: HandshakeAllThreads done
Event: 5.046 Executing VM operation: HandshakeAllThreads
Event: 5.046 Executing VM operation: HandshakeAllThreads done
Event: 5.092 Executing VM operation: HandshakeAllThreads
Event: 5.092 Executing VM operation: HandshakeAllThreads done
Event: 5.143 Executing VM operation: HandshakeAllThreads
Event: 5.144 Executing VM operation: HandshakeAllThreads done
Event: 5.173 Executing VM operation: G1CollectForAllocation
Event: 5.176 Executing VM operation: G1CollectForAllocation done
Event: 5.716 Executing VM operation: CollectForMetadataAllocation
Event: 5.719 Executing VM operation: CollectForMetadataAllocation done
Event: 5.731 Executing VM operation: G1Concurrent
Event: 5.734 Executing VM operation: G1Concurrent done
Event: 5.739 Executing VM operation: G1Concurrent
Event: 5.739 Executing VM operation: G1Concurrent done

Events (20 events):
Event: 6.478 loading class sun/nio/ch/OptionKey
Event: 6.478 loading class sun/nio/ch/OptionKey done
Event: 6.478 loading class sun/nio/ch/ExtendedSocketOption
Event: 6.479 loading class sun/nio/ch/ExtendedSocketOption done
Event: 6.479 loading class sun/nio/ch/ExtendedSocketOption$1
Event: 6.479 loading class sun/nio/ch/ExtendedSocketOption$1 done
Event: 6.480 loading class java/net/ConnectException
Event: 6.480 loading class java/net/ConnectException done
Event: 6.481 loading class sun/net/util/SocketExceptions
Event: 6.481 loading class sun/net/util/SocketExceptions done
Event: 6.483 loading class java/net/BindException
Event: 6.483 loading class java/net/BindException done
Event: 6.484 loading class java/text/FieldPosition$Delegate
Event: 6.484 loading class java/text/FieldPosition$Delegate done
Event: 6.491 loading class java/util/concurrent/atomic/AtomicReferenceFieldUpdater
Event: 6.491 loading class java/util/concurrent/atomic/AtomicReferenceFieldUpdater done
Event: 6.491 loading class java/util/concurrent/atomic/AtomicReferenceFieldUpdater$AtomicReferenceFieldUpdaterImpl
Event: 6.491 loading class java/util/concurrent/atomic/AtomicReferenceFieldUpdater$AtomicReferenceFieldUpdaterImpl done
Event: 6.492 loading class java/util/concurrent/atomic/AtomicReferenceFieldUpdater$AtomicReferenceFieldUpdaterImpl$1
Event: 6.492 loading class java/util/concurrent/atomic/AtomicReferenceFieldUpdater$AtomicReferenceFieldUpdaterImpl$1 done


Dynamic libraries:
0x00007ff608160000 - 0x00007ff608170000 	C:\Program Files\Java\jdk-17\bin\java.exe
0x00007ffda9310000 - 0x00007ffda9527000 	C:\Windows\SYSTEM32\ntdll.dll
0x00007ffda8460000 - 0x00007ffda8524000 	C:\Windows\System32\KERNEL32.DLL
0x00007ffda6880000 - 0x00007ffda6c2c000 	C:\Windows\System32\KERNELBASE.dll
0x00007ffda6cb0000 - 0x00007ffda6dc1000 	C:\Windows\System32\ucrtbase.dll
0x00007ffd94570000 - 0x00007ffd94589000 	C:\Program Files\Java\jdk-17\bin\jli.dll
0x00007ffd99190000 - 0x00007ffd991ab000 	C:\Program Files\Java\jdk-17\bin\VCRUNTIME140.dll
0x00007ffda7580000 - 0x00007ffda7632000 	C:\Windows\System32\ADVAPI32.dll
0x00007ffda7740000 - 0x00007ffda77e7000 	C:\Windows\System32\msvcrt.dll
0x00007ffda8a90000 - 0x00007ffda8b3a000 	C:\Windows\System32\sechost.dll
0x00007ffda6640000 - 0x00007ffda6668000 	C:\Windows\System32\bcrypt.dll
0x00007ffda8c40000 - 0x00007ffda8d55000 	C:\Windows\System32\RPCRT4.dll
0x00007ffda8690000 - 0x00007ffda883e000 	C:\Windows\System32\USER32.dll
0x00007ffda6f00000 - 0x00007ffda6f26000 	C:\Windows\System32\win32u.dll
0x00007ffd905f0000 - 0x00007ffd90883000 	C:\Windows\WinSxS\amd64_microsoft.windows.common-controls_6595b64144ccf1df_6.0.22621.3672_none_2713b9d173822955\COMCTL32.dll
0x00007ffda88a0000 - 0x00007ffda88c9000 	C:\Windows\System32\GDI32.dll
0x00007ffda6f30000 - 0x00007ffda7049000 	C:\Windows\System32\gdi32full.dll
0x00007ffda6670000 - 0x00007ffda670a000 	C:\Windows\System32\msvcp_win.dll
0x00007ffda0b30000 - 0x00007ffda0b3a000 	C:\Windows\SYSTEM32\VERSION.dll
0x00007ffda82c0000 - 0x00007ffda82f1000 	C:\Windows\System32\IMM32.DLL
0x00007ffda2850000 - 0x00007ffda285c000 	C:\Program Files\Java\jdk-17\bin\vcruntime140_1.dll
0x00007ffd77d50000 - 0x00007ffd77dde000 	C:\Program Files\Java\jdk-17\bin\msvcp140.dll
0x00007ffcf0100000 - 0x00007ffcf0cdf000 	C:\Program Files\Java\jdk-17\bin\server\jvm.dll
0x00007ffda8300000 - 0x00007ffda8308000 	C:\Windows\System32\PSAPI.DLL
0x00007ffda1860000 - 0x00007ffda1894000 	C:\Windows\SYSTEM32\WINMM.dll
0x00007ffda3290000 - 0x00007ffda3299000 	C:\Windows\SYSTEM32\WSOCK32.dll
0x00007ffda83e0000 - 0x00007ffda8451000 	C:\Windows\System32\WS2_32.dll
0x00007ffda55d0000 - 0x00007ffda55e8000 	C:\Windows\SYSTEM32\kernel.appcore.dll
0x00007ffda1ce0000 - 0x00007ffda1cea000 	C:\Program Files\Java\jdk-17\bin\jimage.dll
0x00007ffda3fd0000 - 0x00007ffda4202000 	C:\Windows\SYSTEM32\DBGHELP.DLL
0x00007ffda8d60000 - 0x00007ffda90e8000 	C:\Windows\System32\combase.dll
0x00007ffda7660000 - 0x00007ffda7737000 	C:\Windows\System32\OLEAUT32.dll
0x00007ffd9dae0000 - 0x00007ffd9db12000 	C:\Windows\SYSTEM32\dbgcore.DLL
0x00007ffda6c30000 - 0x00007ffda6cab000 	C:\Windows\System32\bcryptPrimitives.dll
0x00007ffda1a40000 - 0x00007ffda1a4e000 	C:\Program Files\Java\jdk-17\bin\instrument.dll
0x00007ffd77fd0000 - 0x00007ffd77ff5000 	C:\Program Files\Java\jdk-17\bin\java.dll
0x00007ffd74320000 - 0x00007ffd743f7000 	C:\Program Files\Java\jdk-17\bin\jsvml.dll
0x00007ffda77f0000 - 0x00007ffda804c000 	C:\Windows\System32\SHELL32.dll
0x00007ffda4540000 - 0x00007ffda4e37000 	C:\Windows\SYSTEM32\windows.storage.dll
0x00007ffda4400000 - 0x00007ffda453f000 	C:\Windows\SYSTEM32\wintypes.dll
0x00007ffda8b40000 - 0x00007ffda8c34000 	C:\Windows\System32\SHCORE.dll
0x00007ffda8310000 - 0x00007ffda836e000 	C:\Windows\System32\shlwapi.dll
0x00007ffda6570000 - 0x00007ffda6591000 	C:\Windows\SYSTEM32\profapi.dll
0x00007ffd77fb0000 - 0x00007ffd77fc8000 	C:\Program Files\Java\jdk-17\bin\zip.dll
0x00007ffd7b850000 - 0x00007ffd7b869000 	C:\Program Files\Java\jdk-17\bin\net.dll
0x00007ffda2da0000 - 0x00007ffda2ed6000 	C:\Windows\SYSTEM32\WINHTTP.dll
0x00007ffda5aa0000 - 0x00007ffda5b09000 	C:\Windows\system32\mswsock.dll
0x00007ffd78260000 - 0x00007ffd78276000 	C:\Program Files\Java\jdk-17\bin\nio.dll
0x00007ffd77e50000 - 0x00007ffd77e6a000 	D:\Apps\IntelliJ IDEA Community Edition 2024.1.1\bin\breakgen64.dll
0x00007ffd7ab10000 - 0x00007ffd7ab1e000 	C:\Program Files\Java\jdk-17\bin\sunmscapi.dll
0x00007ffda6710000 - 0x00007ffda6877000 	C:\Windows\System32\CRYPT32.dll
0x00007ffda5ee0000 - 0x00007ffda5f0e000 	C:\Windows\SYSTEM32\ncrypt.dll
0x00007ffda5ea0000 - 0x00007ffda5ed7000 	C:\Windows\SYSTEM32\NTASN1.dll
0x00007ffda5cc0000 - 0x00007ffda5cdb000 	C:\Windows\SYSTEM32\CRYPTSP.dll
0x00007ffda5590000 - 0x00007ffda55c5000 	C:\Windows\system32\rsaenh.dll
0x00007ffda5b60000 - 0x00007ffda5b88000 	C:\Windows\SYSTEM32\USERENV.dll
0x00007ffda5ce0000 - 0x00007ffda5cec000 	C:\Windows\SYSTEM32\CRYPTBASE.dll
0x00007ffda50a0000 - 0x00007ffda50cd000 	C:\Windows\SYSTEM32\IPHLPAPI.DLL
0x00007ffda8380000 - 0x00007ffda8389000 	C:\Windows\System32\NSI.dll
0x00007ffda2ca0000 - 0x00007ffda2cb9000 	C:\Windows\SYSTEM32\dhcpcsvc6.DLL
0x00007ffda2c80000 - 0x00007ffda2c9f000 	C:\Windows\SYSTEM32\dhcpcsvc.DLL
0x00007ffda50d0000 - 0x00007ffda51c8000 	C:\Windows\SYSTEM32\DNSAPI.dll
0x00007ffd94560000 - 0x00007ffd9456a000 	C:\Program Files\Java\jdk-17\bin\management.dll
0x00007ffd8c900000 - 0x00007ffd8c90b000 	C:\Program Files\Java\jdk-17\bin\management_ext.dll
0x00007ffd74c30000 - 0x00007ffd74c40000 	C:\Program Files\Java\jdk-17\bin\verify.dll
0x00007ffda1d70000 - 0x00007ffda1d7a000 	C:\Windows\System32\rasadhlp.dll
0x00007ffda1fa0000 - 0x00007ffda2023000 	C:\Windows\System32\fwpuclnt.dll

dbghelp: loaded successfully - version: 4.0.5 - missing functions: none
symbol engine: initialized successfully - sym options: 0x614 - pdb path: .;C:\Program Files\Java\jdk-17\bin;C:\Windows\SYSTEM32;C:\Windows\WinSxS\amd64_microsoft.windows.common-controls_6595b64144ccf1df_6.0.22621.3672_none_2713b9d173822955;C:\Program Files\Java\jdk-17\bin\server;D:\Apps\IntelliJ IDEA Community Edition 2024.1.1\bin

VM Arguments:
jvm_args: -javaagent:D:\Apps\IntelliJ IDEA Community Edition 2024.1.1\lib\idea_rt.jar=53859:D:\Apps\IntelliJ IDEA Community Edition 2024.1.1\bin -Dfile.encoding=UTF-8 
java_command: com.example.TastyKing.TastyKingApplication
java_class_path (initial): D:\FPT U\FU-SU24\SWP391\TastyKing-main\TastyKing-main\target\classes;C:\Users\tuand\.m2\repository\org\springframework\boot\spring-boot-starter-data-jpa\3.2.6\spring-boot-starter-data-jpa-3.2.6.jar;C:\Users\tuand\.m2\repository\org\springframework\boot\spring-boot-starter-aop\3.2.6\spring-boot-starter-aop-3.2.6.jar;C:\Users\tuand\.m2\repository\org\springframework\spring-aop\6.1.8\spring-aop-6.1.8.jar;C:\Users\tuand\.m2\repository\org\aspectj\aspectjweaver\1.9.22\aspectjweaver-1.9.22.jar;C:\Users\tuand\.m2\repository\org\springframework\boot\spring-boot-starter-jdbc\3.2.6\spring-boot-starter-jdbc-3.2.6.jar;C:\Users\tuand\.m2\repository\com\zaxxer\HikariCP\5.0.1\HikariCP-5.0.1.jar;C:\Users\tuand\.m2\repository\org\springframework\spring-jdbc\6.1.8\spring-jdbc-6.1.8.jar;C:\Users\tuand\.m2\repository\org\hibernate\orm\hibernate-core\6.4.8.Final\hibernate-core-6.4.8.Final.jar;C:\Users\tuand\.m2\repository\jakarta\persistence\jakarta.persistence-api\3.1.0\jakarta.persistence-api-3.1.0.jar;C:\Users\tuand\.m2\repository\jakarta\transaction\jakarta.transaction-api\2.0.1\jakarta.transaction-api-2.0.1.jar;C:\Users\tuand\.m2\repository\org\jboss\logging\jboss-logging\3.5.3.Final\jboss-logging-3.5.3.Final.jar;C:\Users\tuand\.m2\repository\org\hibernate\common\hibernate-commons-annotations\6.0.6.Final\hibernate-commons-annotations-6.0.6.Final.jar;C:\Users\tuand\.m2\repository\io\smallrye\jandex\3.1.2\jandex-3.1.2.jar;C:\Users\tuand\.m2\repository\com\fasterxml\classmate\1.6.0\classmate-1.6.0.jar;C:\Users\tuand\.m2\repository\net\bytebuddy\byte-buddy\1.14.16\byte-buddy-1.14.16.jar;C:\Users\tuand\.m2\repository\org\glassfish\jaxb\jaxb-runtime\4.0.5\jaxb-runtime-4.0.5.jar;C:\Users\tuand\.m2\repository\org\glassfish\jaxb\jaxb-core\4.0.5\jaxb-core-4.0.5.jar;C:\Users\tuand\.m2\repository\org\glassfish\jaxb\txw2\4.0.5\txw2-4.0.5.jar;C:\Users\tuand\.m2\repository\com\sun\istack\istack-commons-runtime\4.1.2\istack-commons-runtime-4.1.2.jar;C:\Users\tuand\.m2\
Launcher Type: SUN_STANDARD

[Global flags]
     intx CICompilerCount                          = 4                                         {product} {ergonomic}
     uint ConcGCThreads                            = 3                                         {product} {ergonomic}
     uint G1ConcRefinementThreads                  = 10                                        {product} {ergonomic}
   size_t G1HeapRegionSize                         = 1048576                                   {product} {ergonomic}
    uintx GCDrainStackTargetSize                   = 64                                        {product} {ergonomic}
   size_t InitialHeapSize                          = 121634816                                 {product} {ergonomic}
   size_t MarkStackSize                            = 4194304                                   {product} {ergonomic}
   size_t MaxHeapSize                              = 1931476992                                {product} {ergonomic}
   size_t MaxNewSize                               = 1158676480                                {product} {ergonomic}
   size_t MinHeapDeltaBytes                        = 1048576                                   {product} {ergonomic}
   size_t MinHeapSize                              = 8388608                                   {product} {ergonomic}
    uintx NonNMethodCodeHeapSize                   = 5839372                                {pd product} {ergonomic}
    uintx NonProfiledCodeHeapSize                  = 122909434                              {pd product} {ergonomic}
    uintx ProfiledCodeHeapSize                     = 122909434                              {pd product} {ergonomic}
    uintx ReservedCodeCacheSize                    = 251658240                              {pd product} {ergonomic}
     bool SegmentedCodeCache                       = true                                      {product} {ergonomic}
   size_t SoftMaxHeapSize                          = 1931476992                             {manageable} {ergonomic}
     bool UseCompressedClassPointers               = true                           {product lp64_product} {ergonomic}
     bool UseCompressedOops                        = true                           {product lp64_product} {ergonomic}
     bool UseG1GC                                  = true                                      {product} {ergonomic}
     bool UseLargePagesIndividualAllocation        = false                                  {pd product} {ergonomic}

Logging:
Log output configuration:
 #0: stdout all=warning uptime,level,tags
 #1: stderr all=off uptime,level,tags

Environment Variables:
JAVA_HOME=C:\Program Files\Java\jdk-17
PATH=C:\Program Files\Common Files\Oracle\Java\javapath;C:\Program Files\Microsoft MPI\Bin\;C:\Program Files (x86)\Common Files\Oracle\Java\javapath;C:\Windows\system32;C:\Windows;C:\Windows\System32\Wbem;C:\Windows\System32\WindowsPowerShell\v1.0\;C:\Windows\System32\OpenSSH\;C:\Program Files (x86)\NVIDIA Corporation\PhysX\Common;C:\Program Files\NVIDIA Corporation\NVIDIA NvDLISR;C:\Program Files (x86)\Microsoft SQL Server\150\DTS\Binn\;C:\Program Files\Microsoft SQL Server\150\DTS\Binn\;C:\Program Files\Microsoft SQL Server\Client SDK\ODBC\170\Tools\Binn\;C:\Program Files (x86)\Microsoft SQL Server\150\Tools\Binn\;C:\Program Files\Microsoft SQL Server\150\Tools\Binn\;C:\Program Files (x86)\Microsoft SQL Server\160\DTS\Binn\;C:\Program Files\Azure Data Studio\bin;C:\Program Files\Cloudflare\Cloudflare WARP\;C:\Program Files\Docker\Docker\resources\bin;D:\Apps\Git\cmd;C:\Users\tuand\AppData\Local\Microsoft\WindowsApps;;D:\Microsoft VS Code\bin;C:\Program Files\Azure Data Studio\bin
USERNAME=tuand
OS=Windows_NT
PROCESSOR_IDENTIFIER=AMD64 Family 25 Model 68 Stepping 1, AuthenticAMD



---------------  S Y S T E M  ---------------

OS:
 Windows 11 , 64 bit Build 22621 (10.0.22621.3672)
OS uptime: 1 days 0:10 hours
Hyper-V role detected

CPU: total 12 (initial active 12) (12 cores per cpu, 2 threads per core) family 25 model 68 stepping 1 microcode 0x0, cx8, cmov, fxsr, ht, mmx, 3dnowpref, sse, sse2, sse3, ssse3, sse4a, sse4.1, sse4.2, popcnt, lzcnt, tsc, tscinvbit, avx, avx2, aes, erms, clmul, bmi1, bmi2, adx, sha, fma, vzeroupper, clflush, clflushopt, hv

Memory: 4k page, system-wide physical 7365M (243M free)
TotalPageFile size 22982M (AvailPageFile size 0M)
current process WorkingSet (physical memory assigned to process): 210M, peak: 218M
current process commit charge ("private bytes"): 255M, peak: 271M

vm_info: Java HotSpot(TM) 64-Bit Server VM (17.0.10+11-LTS-240) for windows-amd64 JRE (17.0.10+11-LTS-240), built on Dec 19 2023 21:47:25 by "mach5one" with MS VC++ 17.1 (VS2022)

END.
