#
# There is insufficient memory for the Java Runtime Environment to continue.
# Native memory allocation (malloc) failed to allocate 32744 bytes for ChunkPool::allocate
# Possible reasons:
#   The system is out of physical RAM or swap space
#   The process is running with CompressedOops enabled, and the Java Heap may be blocking the growth of the native heap
# Possible solutions:
#   Reduce memory load on the system
#   Increase physical memory or swap space
#   Check if swap backing store is full
#   Decrease Java heap size (-Xmx/-Xms)
#   Decrease number of Java threads
#   Decrease Java thread stack sizes (-Xss)
#   Set larger code cache with -XX:ReservedCodeCacheSize=
#   JVM is running with Unscaled Compressed Oops mode in which the Java heap is
#     placed in the first 4GB address space. The Java Heap base address is the
#     maximum limit for the native heap growth. Please use -XX:HeapBaseMinAddress
#     to set the Java Heap base and to place the Java Heap above 4GB virtual address.
# This output file may be truncated or incomplete.
#
#  Out of Memory Error (arena.cpp:78), pid=7572, tid=20148
#
# JRE version: Java(TM) SE Runtime Environment (17.0.10+11) (build 17.0.10+11-LTS-240)
# Java VM: Java HotSpot(TM) 64-Bit Server VM (17.0.10+11-LTS-240, mixed mode, sharing, tiered, compressed oops, compressed class ptrs, g1 gc, windows-amd64)
# No core dump will be written. Minidumps are not enabled by default on client versions of Windows
#

---------------  S U M M A R Y ------------

Command Line: -javaagent:D:\Apps\IntelliJ IDEA Community Edition 2024.1.1\lib\idea_rt.jar=59726:D:\Apps\IntelliJ IDEA Community Edition 2024.1.1\bin -Dfile.encoding=UTF-8 com.example.TastyKing.TastyKingApplication

Host: AMD Ryzen 5 7535HS with Radeon Graphics        , 12 cores, 7G,  Windows 11 , 64 bit Build 22621 (10.0.22621.3672)
Time: Wed Jul 10 17:00:56 2024 SE Asia Standard Time elapsed time: 0.474336 seconds (0d 0h 0m 0s)

---------------  T H R E A D  ---------------

Current thread (0x000001926d5c0640):  JavaThread "main" [_thread_in_vm, id=20148, stack(0x0000007318500000,0x0000007318600000)]

Stack: [0x0000007318500000,0x0000007318600000]
Native frames: (J=compiled Java code, j=interpreted, Vv=VM code, C=native code)
V  [jvm.dll+0x677a5a]
V  [jvm.dll+0x7d8b2d]
V  [jvm.dll+0x7da48e]
V  [jvm.dll+0x7daaf3]
V  [jvm.dll+0x2455ff]
V  [jvm.dll+0xaad50]
V  [jvm.dll+0xab09c]
V  [jvm.dll+0x1f1468]
V  [jvm.dll+0x1f01f6]
V  [jvm.dll+0x75284d]
V  [jvm.dll+0x753c46]
V  [jvm.dll+0x753f78]
V  [jvm.dll+0x23d99b]
V  [jvm.dll+0x37d60e]
C  0x000001920754b80d

Java frames: (J=compiled Java code, j=interpreted, Vv=VM code)
j  sun.security.provider.PolicyFile.addGrantEntry(Lsun/security/provider/PolicyParser$GrantEntry;Ljava/security/KeyStore;Lsun/security/provider/PolicyFile$PolicyInfo;)V+172 java.base@17.0.10
j  sun.security.provider.PolicyFile.initDefaultPolicy(Lsun/security/provider/PolicyFile$PolicyInfo;)V+118 java.base@17.0.10
j  sun.security.provider.PolicyFile$2.run()Ljava/lang/Void;+8 java.base@17.0.10
j  sun.security.provider.PolicyFile$2.run()Ljava/lang/Object;+1 java.base@17.0.10
j  java.security.AccessController.executePrivileged(Ljava/security/PrivilegedAction;Ljava/security/AccessControlContext;Ljava/lang/Class;)Ljava/lang/Object;+29 java.base@17.0.10
j  java.security.AccessController.doPrivileged(Ljava/security/PrivilegedAction;)Ljava/lang/Object;+5 java.base@17.0.10
j  sun.security.provider.PolicyFile.initPolicyFile(Lsun/security/provider/PolicyFile$PolicyInfo;Ljava/net/URL;)V+9 java.base@17.0.10
j  sun.security.provider.PolicyFile.init(Ljava/net/URL;)V+50 java.base@17.0.10
j  sun.security.provider.PolicyFile.<init>()V+24 java.base@17.0.10
j  java.security.Policy.loadPolicyProvider()Ljava/security/Policy;+38 java.base@17.0.10
j  java.security.Policy.getPolicyNoCheck()Ljava/security/Policy;+34 java.base@17.0.10
j  java.security.ProtectionDomain.implies(Ljava/security/Permission;)Z+16 java.base@17.0.10
j  java.security.ProtectionDomain.impliesWithAltFilePerm(Ljava/security/Permission;)Z+23 java.base@17.0.10
j  java.security.AccessControlContext.checkPermission(Ljava/security/Permission;)V+323 java.base@17.0.10
j  java.security.AccessController.checkPermission(Ljava/security/Permission;)V+161 java.base@17.0.10
j  ch.qos.logback.core.util.Loader$1.run()Ljava/lang/Boolean;+9
j  ch.qos.logback.core.util.Loader$1.run()Ljava/lang/Object;+1
j  java.security.AccessController.executePrivileged(Ljava/security/PrivilegedAction;Ljava/security/AccessControlContext;Ljava/lang/Class;)Ljava/lang/Object;+29 java.base@17.0.10
j  java.security.AccessController.doPrivileged(Ljava/security/PrivilegedAction;)Ljava/lang/Object;+5 java.base@17.0.10
j  ch.qos.logback.core.util.Loader.<clinit>()V+34
v  ~StubRoutines::call_stub
j  ch.qos.logback.classic.util.ContextInitializer.autoConfig(Ljava/lang/ClassLoader;)V+1
j  ch.qos.logback.classic.util.ContextInitializer.autoConfig()V+6
j  ch.qos.logback.classic.spi.LogbackServiceProvider.initializeLoggerContext()V+11
j  ch.qos.logback.classic.spi.LogbackServiceProvider.initialize()V+21
j  org.slf4j.LoggerFactory.bind()V+37
j  org.slf4j.LoggerFactory.performInitialization()V+0
j  org.slf4j.LoggerFactory.getProvider()Lorg/slf4j/spi/SLF4JServiceProvider;+21
j  org.slf4j.LoggerFactory.getILoggerFactory()Lorg/slf4j/ILoggerFactory;+0
j  org.slf4j.LoggerFactory.getLogger(Ljava/lang/String;)Lorg/slf4j/Logger;+0
j  org.apache.commons.logging.LogAdapter$Slf4jAdapter.createLocationAwareLog(Ljava/lang/String;)Lorg/apache/commons/logging/Log;+1
j  org.apache.commons.logging.LogAdapter$$Lambda$16+0x00000192100083f8.apply(Ljava/lang/Object;)Ljava/lang/Object;+4
j  org.apache.commons.logging.LogAdapter.createLog(Ljava/lang/String;)Lorg/apache/commons/logging/Log;+4
j  org.apache.commons.logging.LogFactory.getLog(Ljava/lang/String;)Lorg/apache/commons/logging/Log;+1
j  org.apache.commons.logging.LogFactory.getLog(Ljava/lang/Class;)Lorg/apache/commons/logging/Log;+4
j  org.springframework.boot.SpringApplication.<clinit>()V+2
v  ~StubRoutines::call_stub
j  com.example.TastyKing.TastyKingApplication.main([Ljava/lang/String;)V+3
v  ~StubRoutines::call_stub

---------------  P R O C E S S  ---------------

Threads class SMR info:
_java_thread_list=0x000001927c78eef0, length=13, elements={
0x000001926d5c0640, 0x000001927c44ae20, 0x000001927c44bbc0, 0x000001927c45ba40,
0x000001927c45e330, 0x000001927c45ee10, 0x000001927c460100, 0x000001927c469530,
0x000001927c46d3f0, 0x000001927c47a130, 0x000001927c432fe0, 0x000001927cb0d730,
0x000001927cb0dc10
}

Java Threads: ( => current thread )
=>0x000001926d5c0640 JavaThread "main" [_thread_in_vm, id=20148, stack(0x0000007318500000,0x0000007318600000)]
  0x000001927c44ae20 JavaThread "Reference Handler" daemon [_thread_blocked, id=19172, stack(0x0000007318c00000,0x0000007318d00000)]
  0x000001927c44bbc0 JavaThread "Finalizer" daemon [_thread_blocked, id=22828, stack(0x0000007318d00000,0x0000007318e00000)]
  0x000001927c45ba40 JavaThread "Signal Dispatcher" daemon [_thread_blocked, id=12440, stack(0x0000007318e00000,0x0000007318f00000)]
  0x000001927c45e330 JavaThread "Attach Listener" daemon [_thread_blocked, id=7960, stack(0x0000007318f00000,0x0000007319000000)]
  0x000001927c45ee10 JavaThread "Service Thread" daemon [_thread_blocked, id=3676, stack(0x0000007319000000,0x0000007319100000)]
  0x000001927c460100 JavaThread "Monitor Deflation Thread" daemon [_thread_blocked, id=11612, stack(0x0000007319100000,0x0000007319200000)]
  0x000001927c469530 JavaThread "C2 CompilerThread0" daemon [_thread_blocked, id=1140, stack(0x0000007319200000,0x0000007319300000)]
  0x000001927c46d3f0 JavaThread "C1 CompilerThread0" daemon [_thread_blocked, id=22592, stack(0x0000007319300000,0x0000007319400000)]
  0x000001927c47a130 JavaThread "Sweeper thread" daemon [_thread_blocked, id=21224, stack(0x0000007319400000,0x0000007319500000)]
  0x000001927c432fe0 JavaThread "Common-Cleaner" daemon [_thread_blocked, id=18248, stack(0x0000007319500000,0x0000007319600000)]
  0x000001927cb0d730 JavaThread "Monitor Ctrl-Break" daemon [_thread_in_native, id=25736, stack(0x0000007319600000,0x0000007319700000)]
  0x000001927cb0dc10 JavaThread "Notification Thread" daemon [_thread_blocked, id=10568, stack(0x0000007319700000,0x0000007319800000)]

Other Threads:
  0x000001927c4465f0 VMThread "VM Thread" [stack: 0x0000007318b00000,0x0000007318c00000] [id=21472]
  0x000001926d634490 WatcherThread [stack: 0x0000007319800000,0x0000007319900000] [id=21492]
  0x000001926d616e50 GCTaskThread "GC Thread#0" [stack: 0x0000007318600000,0x0000007318700000] [id=16812]
  0x000001926d627000 ConcurrentGCThread "G1 Main Marker" [stack: 0x0000007318700000,0x0000007318800000] [id=11660]
  0x000001926d627a10 ConcurrentGCThread "G1 Conc#0" [stack: 0x0000007318800000,0x0000007318900000] [id=12444]
  0x000001927c3034d0 ConcurrentGCThread "G1 Refine#0" [stack: 0x0000007318900000,0x0000007318a00000] [id=18388]
  0x000001926d67d460 ConcurrentGCThread "G1 Service" [stack: 0x0000007318a00000,0x0000007318b00000] [id=2760]

Threads with active compile tasks:

VM state: not at safepoint (normal execution)

VM Mutex/Monitor currently owned by a thread: None

Heap address: 0x000000008ce00000, size: 1842 MB, Compressed Oops mode: 32-bit

CDS archive(s) mapped at: [0x000001920f000000-0x000001920fbd0000-0x000001920fbd0000), size 12386304, SharedBaseAddress: 0x000001920f000000, ArchiveRelocationMode: 1.
Compressed class space mapped at: 0x0000019210000000-0x0000019250000000, reserved size: 1073741824
Narrow klass base: 0x000001920f000000, Narrow klass shift: 0, Narrow klass range: 0x100000000

GC Precious Log:
 CPUs: 12 total, 12 available
 Memory: 7365M
 Large Page Support: Disabled
 NUMA Support: Disabled
 Compressed Oops: Enabled (32-bit)
 Heap Region Size: 1M
 Heap Min Capacity: 8M
 Heap Initial Capacity: 116M
 Heap Max Capacity: 1842M
 Pre-touch: Disabled
 Parallel Workers: 10
 Concurrent Workers: 3
 Concurrent Refinement Workers: 10
 Periodic GC: Disabled

Heap:
 garbage-first heap   total 118784K, used 9216K [0x000000008ce00000, 0x0000000100000000)
  region size 1024K, 10 young (10240K), 0 survivors (0K)
 Metaspace       used 1893K, committed 1984K, reserved 1114112K
  class space    used 157K, committed 192K, reserved 1048576K

Heap Regions: E=young(eden), S=young(survivor), O=old, HS=humongous(starts), HC=humongous(continues), CS=collection set, F=free, OA=open archive, CA=closed archive, TAMS=top-at-mark-start (previous, next)
|   0|0x000000008ce00000, 0x000000008cf00000, 0x000000008cf00000|100%|HS|  |TAMS 0x000000008ce00000, 0x000000008ce00000| Complete 
|   1|0x000000008cf00000, 0x000000008cf00000, 0x000000008d000000|  0%| F|  |TAMS 0x000000008cf00000, 0x000000008cf00000| Untracked 
|   2|0x000000008d000000, 0x000000008d000000, 0x000000008d100000|  0%| F|  |TAMS 0x000000008d000000, 0x000000008d000000| Untracked 
|   3|0x000000008d100000, 0x000000008d100000, 0x000000008d200000|  0%| F|  |TAMS 0x000000008d100000, 0x000000008d100000| Untracked 
|   4|0x000000008d200000, 0x000000008d200000, 0x000000008d300000|  0%| F|  |TAMS 0x000000008d200000, 0x000000008d200000| Untracked 
|   5|0x000000008d300000, 0x000000008d300000, 0x000000008d400000|  0%| F|  |TAMS 0x000000008d300000, 0x000000008d300000| Untracked 
|   6|0x000000008d400000, 0x000000008d400000, 0x000000008d500000|  0%| F|  |TAMS 0x000000008d400000, 0x000000008d400000| Untracked 
|   7|0x000000008d500000, 0x000000008d500000, 0x000000008d600000|  0%| F|  |TAMS 0x000000008d500000, 0x000000008d500000| Untracked 
|   8|0x000000008d600000, 0x000000008d600000, 0x000000008d700000|  0%| F|  |TAMS 0x000000008d600000, 0x000000008d600000| Untracked 
|   9|0x000000008d700000, 0x000000008d700000, 0x000000008d800000|  0%| F|  |TAMS 0x000000008d700000, 0x000000008d700000| Untracked 
|  10|0x000000008d800000, 0x000000008d800000, 0x000000008d900000|  0%| F|  |TAMS 0x000000008d800000, 0x000000008d800000| Untracked 
|  11|0x000000008d900000, 0x000000008d900000, 0x000000008da00000|  0%| F|  |TAMS 0x000000008d900000, 0x000000008d900000| Untracked 
|  12|0x000000008da00000, 0x000000008da00000, 0x000000008db00000|  0%| F|  |TAMS 0x000000008da00000, 0x000000008da00000| Untracked 
|  13|0x000000008db00000, 0x000000008db00000, 0x000000008dc00000|  0%| F|  |TAMS 0x000000008db00000, 0x000000008db00000| Untracked 
|  14|0x000000008dc00000, 0x000000008dc00000, 0x000000008dd00000|  0%| F|  |TAMS 0x000000008dc00000, 0x000000008dc00000| Untracked 
|  15|0x000000008dd00000, 0x000000008dd00000, 0x000000008de00000|  0%| F|  |TAMS 0x000000008dd00000, 0x000000008dd00000| Untracked 
|  16|0x000000008de00000, 0x000000008de00000, 0x000000008df00000|  0%| F|  |TAMS 0x000000008de00000, 0x000000008de00000| Untracked 
|  17|0x000000008df00000, 0x000000008df00000, 0x000000008e000000|  0%| F|  |TAMS 0x000000008df00000, 0x000000008df00000| Untracked 
|  18|0x000000008e000000, 0x000000008e000000, 0x000000008e100000|  0%| F|  |TAMS 0x000000008e000000, 0x000000008e000000| Untracked 
|  19|0x000000008e100000, 0x000000008e100000, 0x000000008e200000|  0%| F|  |TAMS 0x000000008e100000, 0x000000008e100000| Untracked 
|  20|0x000000008e200000, 0x000000008e200000, 0x000000008e300000|  0%| F|  |TAMS 0x000000008e200000, 0x000000008e200000| Untracked 
|  21|0x000000008e300000, 0x000000008e300000, 0x000000008e400000|  0%| F|  |TAMS 0x000000008e300000, 0x000000008e300000| Untracked 
|  22|0x000000008e400000, 0x000000008e400000, 0x000000008e500000|  0%| F|  |TAMS 0x000000008e400000, 0x000000008e400000| Untracked 
|  23|0x000000008e500000, 0x000000008e500000, 0x000000008e600000|  0%| F|  |TAMS 0x000000008e500000, 0x000000008e500000| Untracked 
|  24|0x000000008e600000, 0x000000008e600000, 0x000000008e700000|  0%| F|  |TAMS 0x000000008e600000, 0x000000008e600000| Untracked 
|  25|0x000000008e700000, 0x000000008e700000, 0x000000008e800000|  0%| F|  |TAMS 0x000000008e700000, 0x000000008e700000| Untracked 
|  26|0x000000008e800000, 0x000000008e800000, 0x000000008e900000|  0%| F|  |TAMS 0x000000008e800000, 0x000000008e800000| Untracked 
|  27|0x000000008e900000, 0x000000008e900000, 0x000000008ea00000|  0%| F|  |TAMS 0x000000008e900000, 0x000000008e900000| Untracked 
|  28|0x000000008ea00000, 0x000000008ea00000, 0x000000008eb00000|  0%| F|  |TAMS 0x000000008ea00000, 0x000000008ea00000| Untracked 
|  29|0x000000008eb00000, 0x000000008eb00000, 0x000000008ec00000|  0%| F|  |TAMS 0x000000008eb00000, 0x000000008eb00000| Untracked 
|  30|0x000000008ec00000, 0x000000008ec00000, 0x000000008ed00000|  0%| F|  |TAMS 0x000000008ec00000, 0x000000008ec00000| Untracked 
|  31|0x000000008ed00000, 0x000000008ed00000, 0x000000008ee00000|  0%| F|  |TAMS 0x000000008ed00000, 0x000000008ed00000| Untracked 
|  32|0x000000008ee00000, 0x000000008ee00000, 0x000000008ef00000|  0%| F|  |TAMS 0x000000008ee00000, 0x000000008ee00000| Untracked 
|  33|0x000000008ef00000, 0x000000008ef00000, 0x000000008f000000|  0%| F|  |TAMS 0x000000008ef00000, 0x000000008ef00000| Untracked 
|  34|0x000000008f000000, 0x000000008f000000, 0x000000008f100000|  0%| F|  |TAMS 0x000000008f000000, 0x000000008f000000| Untracked 
|  35|0x000000008f100000, 0x000000008f100000, 0x000000008f200000|  0%| F|  |TAMS 0x000000008f100000, 0x000000008f100000| Untracked 
|  36|0x000000008f200000, 0x000000008f200000, 0x000000008f300000|  0%| F|  |TAMS 0x000000008f200000, 0x000000008f200000| Untracked 
|  37|0x000000008f300000, 0x000000008f300000, 0x000000008f400000|  0%| F|  |TAMS 0x000000008f300000, 0x000000008f300000| Untracked 
|  38|0x000000008f400000, 0x000000008f400000, 0x000000008f500000|  0%| F|  |TAMS 0x000000008f400000, 0x000000008f400000| Untracked 
|  39|0x000000008f500000, 0x000000008f500000, 0x000000008f600000|  0%| F|  |TAMS 0x000000008f500000, 0x000000008f500000| Untracked 
|  40|0x000000008f600000, 0x000000008f600000, 0x000000008f700000|  0%| F|  |TAMS 0x000000008f600000, 0x000000008f600000| Untracked 
|  41|0x000000008f700000, 0x000000008f700000, 0x000000008f800000|  0%| F|  |TAMS 0x000000008f700000, 0x000000008f700000| Untracked 
|  42|0x000000008f800000, 0x000000008f800000, 0x000000008f900000|  0%| F|  |TAMS 0x000000008f800000, 0x000000008f800000| Untracked 
|  43|0x000000008f900000, 0x000000008f900000, 0x000000008fa00000|  0%| F|  |TAMS 0x000000008f900000, 0x000000008f900000| Untracked 
|  44|0x000000008fa00000, 0x000000008fa00000, 0x000000008fb00000|  0%| F|  |TAMS 0x000000008fa00000, 0x000000008fa00000| Untracked 
|  45|0x000000008fb00000, 0x000000008fb00000, 0x000000008fc00000|  0%| F|  |TAMS 0x000000008fb00000, 0x000000008fb00000| Untracked 
|  46|0x000000008fc00000, 0x000000008fc00000, 0x000000008fd00000|  0%| F|  |TAMS 0x000000008fc00000, 0x000000008fc00000| Untracked 
|  47|0x000000008fd00000, 0x000000008fd00000, 0x000000008fe00000|  0%| F|  |TAMS 0x000000008fd00000, 0x000000008fd00000| Untracked 
|  48|0x000000008fe00000, 0x000000008fe00000, 0x000000008ff00000|  0%| F|  |TAMS 0x000000008fe00000, 0x000000008fe00000| Untracked 
|  49|0x000000008ff00000, 0x000000008ff00000, 0x0000000090000000|  0%| F|  |TAMS 0x000000008ff00000, 0x000000008ff00000| Untracked 
|  50|0x0000000090000000, 0x0000000090000000, 0x0000000090100000|  0%| F|  |TAMS 0x0000000090000000, 0x0000000090000000| Untracked 
|  51|0x0000000090100000, 0x0000000090100000, 0x0000000090200000|  0%| F|  |TAMS 0x0000000090100000, 0x0000000090100000| Untracked 
|  52|0x0000000090200000, 0x0000000090200000, 0x0000000090300000|  0%| F|  |TAMS 0x0000000090200000, 0x0000000090200000| Untracked 
|  53|0x0000000090300000, 0x0000000090300000, 0x0000000090400000|  0%| F|  |TAMS 0x0000000090300000, 0x0000000090300000| Untracked 
|  54|0x0000000090400000, 0x0000000090400000, 0x0000000090500000|  0%| F|  |TAMS 0x0000000090400000, 0x0000000090400000| Untracked 
|  55|0x0000000090500000, 0x0000000090500000, 0x0000000090600000|  0%| F|  |TAMS 0x0000000090500000, 0x0000000090500000| Untracked 
|  56|0x0000000090600000, 0x0000000090600000, 0x0000000090700000|  0%| F|  |TAMS 0x0000000090600000, 0x0000000090600000| Untracked 
|  57|0x0000000090700000, 0x0000000090700000, 0x0000000090800000|  0%| F|  |TAMS 0x0000000090700000, 0x0000000090700000| Untracked 
|  58|0x0000000090800000, 0x0000000090800000, 0x0000000090900000|  0%| F|  |TAMS 0x0000000090800000, 0x0000000090800000| Untracked 
|  59|0x0000000090900000, 0x0000000090900000, 0x0000000090a00000|  0%| F|  |TAMS 0x0000000090900000, 0x0000000090900000| Untracked 
|  60|0x0000000090a00000, 0x0000000090a00000, 0x0000000090b00000|  0%| F|  |TAMS 0x0000000090a00000, 0x0000000090a00000| Untracked 
|  61|0x0000000090b00000, 0x0000000090b00000, 0x0000000090c00000|  0%| F|  |TAMS 0x0000000090b00000, 0x0000000090b00000| Untracked 
|  62|0x0000000090c00000, 0x0000000090c00000, 0x0000000090d00000|  0%| F|  |TAMS 0x0000000090c00000, 0x0000000090c00000| Untracked 
|  63|0x0000000090d00000, 0x0000000090d00000, 0x0000000090e00000|  0%| F|  |TAMS 0x0000000090d00000, 0x0000000090d00000| Untracked 
|  64|0x0000000090e00000, 0x0000000090e00000, 0x0000000090f00000|  0%| F|  |TAMS 0x0000000090e00000, 0x0000000090e00000| Untracked 
|  65|0x0000000090f00000, 0x0000000090f00000, 0x0000000091000000|  0%| F|  |TAMS 0x0000000090f00000, 0x0000000090f00000| Untracked 
|  66|0x0000000091000000, 0x0000000091000000, 0x0000000091100000|  0%| F|  |TAMS 0x0000000091000000, 0x0000000091000000| Untracked 
|  67|0x0000000091100000, 0x0000000091100000, 0x0000000091200000|  0%| F|  |TAMS 0x0000000091100000, 0x0000000091100000| Untracked 
|  68|0x0000000091200000, 0x0000000091200000, 0x0000000091300000|  0%| F|  |TAMS 0x0000000091200000, 0x0000000091200000| Untracked 
|  69|0x0000000091300000, 0x0000000091300000, 0x0000000091400000|  0%| F|  |TAMS 0x0000000091300000, 0x0000000091300000| Untracked 
|  70|0x0000000091400000, 0x0000000091400000, 0x0000000091500000|  0%| F|  |TAMS 0x0000000091400000, 0x0000000091400000| Untracked 
|  71|0x0000000091500000, 0x0000000091500000, 0x0000000091600000|  0%| F|  |TAMS 0x0000000091500000, 0x0000000091500000| Untracked 
|  72|0x0000000091600000, 0x0000000091600000, 0x0000000091700000|  0%| F|  |TAMS 0x0000000091600000, 0x0000000091600000| Untracked 
|  73|0x0000000091700000, 0x0000000091700000, 0x0000000091800000|  0%| F|  |TAMS 0x0000000091700000, 0x0000000091700000| Untracked 
|  74|0x0000000091800000, 0x0000000091800000, 0x0000000091900000|  0%| F|  |TAMS 0x0000000091800000, 0x0000000091800000| Untracked 
|  75|0x0000000091900000, 0x0000000091900000, 0x0000000091a00000|  0%| F|  |TAMS 0x0000000091900000, 0x0000000091900000| Untracked 
|  76|0x0000000091a00000, 0x0000000091a00000, 0x0000000091b00000|  0%| F|  |TAMS 0x0000000091a00000, 0x0000000091a00000| Untracked 
|  77|0x0000000091b00000, 0x0000000091b00000, 0x0000000091c00000|  0%| F|  |TAMS 0x0000000091b00000, 0x0000000091b00000| Untracked 
|  78|0x0000000091c00000, 0x0000000091c00000, 0x0000000091d00000|  0%| F|  |TAMS 0x0000000091c00000, 0x0000000091c00000| Untracked 
|  79|0x0000000091d00000, 0x0000000091d00000, 0x0000000091e00000|  0%| F|  |TAMS 0x0000000091d00000, 0x0000000091d00000| Untracked 
|  80|0x0000000091e00000, 0x0000000091e00000, 0x0000000091f00000|  0%| F|  |TAMS 0x0000000091e00000, 0x0000000091e00000| Untracked 
|  81|0x0000000091f00000, 0x0000000091f00000, 0x0000000092000000|  0%| F|  |TAMS 0x0000000091f00000, 0x0000000091f00000| Untracked 
|  82|0x0000000092000000, 0x0000000092000000, 0x0000000092100000|  0%| F|  |TAMS 0x0000000092000000, 0x0000000092000000| Untracked 
|  83|0x0000000092100000, 0x0000000092100000, 0x0000000092200000|  0%| F|  |TAMS 0x0000000092100000, 0x0000000092100000| Untracked 
|  84|0x0000000092200000, 0x0000000092200000, 0x0000000092300000|  0%| F|  |TAMS 0x0000000092200000, 0x0000000092200000| Untracked 
|  85|0x0000000092300000, 0x0000000092300000, 0x0000000092400000|  0%| F|  |TAMS 0x0000000092300000, 0x0000000092300000| Untracked 
|  86|0x0000000092400000, 0x0000000092400000, 0x0000000092500000|  0%| F|  |TAMS 0x0000000092400000, 0x0000000092400000| Untracked 
|  87|0x0000000092500000, 0x0000000092500000, 0x0000000092600000|  0%| F|  |TAMS 0x0000000092500000, 0x0000000092500000| Untracked 
|  88|0x0000000092600000, 0x0000000092600000, 0x0000000092700000|  0%| F|  |TAMS 0x0000000092600000, 0x0000000092600000| Untracked 
|  89|0x0000000092700000, 0x0000000092700000, 0x0000000092800000|  0%| F|  |TAMS 0x0000000092700000, 0x0000000092700000| Untracked 
|  90|0x0000000092800000, 0x0000000092800000, 0x0000000092900000|  0%| F|  |TAMS 0x0000000092800000, 0x0000000092800000| Untracked 
|  91|0x0000000092900000, 0x0000000092900000, 0x0000000092a00000|  0%| F|  |TAMS 0x0000000092900000, 0x0000000092900000| Untracked 
|  92|0x0000000092a00000, 0x0000000092a00000, 0x0000000092b00000|  0%| F|  |TAMS 0x0000000092a00000, 0x0000000092a00000| Untracked 
|  93|0x0000000092b00000, 0x0000000092b00000, 0x0000000092c00000|  0%| F|  |TAMS 0x0000000092b00000, 0x0000000092b00000| Untracked 
|  94|0x0000000092c00000, 0x0000000092c00000, 0x0000000092d00000|  0%| F|  |TAMS 0x0000000092c00000, 0x0000000092c00000| Untracked 
|  95|0x0000000092d00000, 0x0000000092d00000, 0x0000000092e00000|  0%| F|  |TAMS 0x0000000092d00000, 0x0000000092d00000| Untracked 
|  96|0x0000000092e00000, 0x0000000092e00000, 0x0000000092f00000|  0%| F|  |TAMS 0x0000000092e00000, 0x0000000092e00000| Untracked 
|  97|0x0000000092f00000, 0x0000000092f00000, 0x0000000093000000|  0%| F|  |TAMS 0x0000000092f00000, 0x0000000092f00000| Untracked 
|  98|0x0000000093000000, 0x0000000093000000, 0x0000000093100000|  0%| F|  |TAMS 0x0000000093000000, 0x0000000093000000| Untracked 
|  99|0x0000000093100000, 0x0000000093100000, 0x0000000093200000|  0%| F|  |TAMS 0x0000000093100000, 0x0000000093100000| Untracked 
| 100|0x0000000093200000, 0x0000000093200000, 0x0000000093300000|  0%| F|  |TAMS 0x0000000093200000, 0x0000000093200000| Untracked 
| 101|0x0000000093300000, 0x0000000093300000, 0x0000000093400000|  0%| F|  |TAMS 0x0000000093300000, 0x0000000093300000| Untracked 
| 102|0x0000000093400000, 0x0000000093400000, 0x0000000093500000|  0%| F|  |TAMS 0x0000000093400000, 0x0000000093400000| Untracked 
| 103|0x0000000093500000, 0x0000000093500000, 0x0000000093600000|  0%| F|  |TAMS 0x0000000093500000, 0x0000000093500000| Untracked 
| 104|0x0000000093600000, 0x0000000093600000, 0x0000000093700000|  0%| F|  |TAMS 0x0000000093600000, 0x0000000093600000| Untracked 
| 105|0x0000000093700000, 0x0000000093700000, 0x0000000093800000|  0%| F|  |TAMS 0x0000000093700000, 0x0000000093700000| Untracked 
| 106|0x0000000093800000, 0x00000000938ee810, 0x0000000093900000| 93%| E|  |TAMS 0x0000000093800000, 0x0000000093800000| Complete 
| 107|0x0000000093900000, 0x0000000093a00000, 0x0000000093a00000|100%| E|CS|TAMS 0x0000000093900000, 0x0000000093900000| Complete 
| 108|0x0000000093a00000, 0x0000000093b00000, 0x0000000093b00000|100%| E|CS|TAMS 0x0000000093a00000, 0x0000000093a00000| Complete 
| 109|0x0000000093b00000, 0x0000000093c00000, 0x0000000093c00000|100%| E|CS|TAMS 0x0000000093b00000, 0x0000000093b00000| Complete 
| 110|0x0000000093c00000, 0x0000000093d00000, 0x0000000093d00000|100%| E|CS|TAMS 0x0000000093c00000, 0x0000000093c00000| Complete 
| 111|0x0000000093d00000, 0x0000000093e00000, 0x0000000093e00000|100%| E|CS|TAMS 0x0000000093d00000, 0x0000000093d00000| Complete 
| 112|0x0000000093e00000, 0x0000000093f00000, 0x0000000093f00000|100%| E|  |TAMS 0x0000000093e00000, 0x0000000093e00000| Complete 
| 113|0x0000000093f00000, 0x0000000094000000, 0x0000000094000000|100%| E|CS|TAMS 0x0000000093f00000, 0x0000000093f00000| Complete 
| 114|0x0000000094000000, 0x0000000094100000, 0x0000000094100000|100%| E|CS|TAMS 0x0000000094000000, 0x0000000094000000| Complete 
| 115|0x0000000094100000, 0x0000000094200000, 0x0000000094200000|100%| E|CS|TAMS 0x0000000094100000, 0x0000000094100000| Complete 

Card table byte_map: [0x0000019275750000,0x0000019275af0000] _byte_map_base: 0x00000192752e9000

Marking Bits (Prev, Next): (CMBitMap*) 0x000001926d617470, (CMBitMap*) 0x000001926d6174b0
 Prev Bits: [0x0000019275e90000, 0x0000019277b58000)
 Next Bits: [0x0000019277b60000, 0x0000019279828000)

Polling page: 0x000001926cd80000

Metaspace:

Usage:
  Non-class:      1.70 MB used.
      Class:    157.27 KB used.
       Both:      1.85 MB used.

Virtual space:
  Non-class space:       64.00 MB reserved,       1.75 MB (  3%) committed,  1 nodes.
      Class space:        1.00 GB reserved,     192.00 KB ( <1%) committed,  1 nodes.
             Both:        1.06 GB reserved,       1.94 MB ( <1%) committed. 

Chunk freelists:
   Non-Class:  11.47 MB
       Class:  15.69 MB
        Both:  27.16 MB

MaxMetaspaceSize: unlimited
CompressedClassSpaceSize: 1.00 GB
Initial GC threshold: 21.00 MB
Current GC threshold: 21.00 MB
CDS: on
MetaspaceReclaimPolicy: balanced
 - commit_granule_bytes: 65536.
 - commit_granule_words: 8192.
 - virtual_space_node_default_size: 8388608.
 - enlarge_chunks_in_place: 1.
 - new_chunks_are_fully_committed: 0.
 - uncommit_free_chunks: 1.
 - use_allocation_guard: 0.
 - handle_deallocations: 1.


Internal statistics:

num_allocs_failed_limit: 0.
num_arena_births: 10.
num_arena_deaths: 0.
num_vsnodes_births: 2.
num_vsnodes_deaths: 0.
num_space_committed: 31.
num_space_uncommitted: 0.
num_chunks_returned_to_freelist: 0.
num_chunks_taken_from_freelist: 41.
num_chunk_merges: 0.
num_chunk_splits: 27.
num_chunks_enlarged: 21.
num_inconsistent_stats: 0.

CodeHeap 'non-profiled nmethods': size=120000Kb used=153Kb max_used=153Kb free=119846Kb
 bounds [0x0000019207ad0000, 0x0000019207d40000, 0x000001920f000000]
CodeHeap 'profiled nmethods': size=120000Kb used=764Kb max_used=764Kb free=119236Kb
 bounds [0x0000019200000000, 0x0000019200270000, 0x0000019207530000]
CodeHeap 'non-nmethods': size=5760Kb used=1125Kb max_used=1140Kb free=4634Kb
 bounds [0x0000019207530000, 0x00000192077a0000, 0x0000019207ad0000]
 total_blobs=894 nmethods=486 adapters=321
 compilation: enabled
              stopped_count=0, restarted_count=0
 full_count=0

Compilation events (20 events):
Event: 0.455 Thread 0x000001927c46d3f0 nmethod 470 0x00000192000af510 code [0x00000192000af6c0, 0x00000192000af9a8]
Event: 0.455 Thread 0x000001927c46d3f0  471       3       java.lang.ClassLoader::findLoadedClass (15 bytes)
Event: 0.455 Thread 0x000001927c46d3f0 nmethod 471 0x00000192000afb10 code [0x00000192000afcc0, 0x00000192000afeb8]
Event: 0.457 Thread 0x000001927c469530 nmethod 472% 0x0000019207af4790 code [0x0000019207af4920, 0x0000019207af4c98]
Event: 0.458 Thread 0x000001927c469530  473       4       java.util.concurrent.ConcurrentHashMap::tabAt (22 bytes)
Event: 0.458 Thread 0x000001927c469530 nmethod 473 0x0000019207af4f10 code [0x0000019207af5080, 0x0000019207af50d8]
Event: 0.459 Thread 0x000001927c46d3f0  474 %     3       java.util.Properties$LineReader::readLine @ 224 (584 bytes)
Event: 0.461 Thread 0x000001927c46d3f0 nmethod 474% 0x00000192000aff90 code [0x00000192000b0380, 0x00000192000b3358]
Event: 0.466 Thread 0x000001927c46d3f0  475       3       java.io.BufferedReader::ensureOpen (18 bytes)
Event: 0.466 Thread 0x000001927c46d3f0 nmethod 475 0x00000192000b4190 code [0x00000192000b4340, 0x00000192000b4568]
Event: 0.466 Thread 0x000001927c46d3f0  476       3       java.io.StreamTokenizer::read (38 bytes)
Event: 0.467 Thread 0x000001927c46d3f0 nmethod 476 0x00000192000b4690 code [0x00000192000b4860, 0x00000192000b4c68]
Event: 0.467 Thread 0x000001927c46d3f0  477   !   3       java.io.BufferedReader::read (104 bytes)
Event: 0.467 Thread 0x000001927c46d3f0 nmethod 477 0x00000192000b4d90 code [0x00000192000b4f80, 0x00000192000b5558]
Event: 0.467 Thread 0x000001927c46d3f0  478       3       java.lang.String::equalsIgnoreCase (45 bytes)
Event: 0.467 Thread 0x000001927c46d3f0 nmethod 478 0x00000192000b5910 code [0x00000192000b5b00, 0x00000192000b6068]
Event: 0.468 Thread 0x000001927c46d3f0  479       3       java.lang.String::<init> (14 bytes)
Event: 0.468 Thread 0x000001927c46d3f0 nmethod 479 0x00000192000b6290 code [0x00000192000b6440, 0x00000192000b6658]
Event: 0.468 Thread 0x000001927c46d3f0  480       3       java.io.StreamTokenizer::nextToken (1266 bytes)
Event: 0.469 Thread 0x000001927c469530  483       4       java.io.StreamTokenizer::read (38 bytes)

GC Heap History (0 events):
No events

Deoptimization events (20 events):
Event: 0.245 Thread 0x000001926d5c0640 DEOPT PACKING pc=0x0000019207addcd0 sp=0x00000073185feba0
Event: 0.245 Thread 0x000001926d5c0640 DEOPT UNPACKING pc=0x00000192075823a3 sp=0x00000073185feb50 mode 2
Event: 0.354 Thread 0x000001926d5c0640 Uncommon trap: trap_request=0xffffff45 fr.pc=0x0000019207ae275c relative=0x000000000000005c
Event: 0.354 Thread 0x000001926d5c0640 Uncommon trap: reason=unstable_if action=reinterpret pc=0x0000019207ae275c method=java.lang.String.isLatin1()Z @ 10 c2
Event: 0.354 Thread 0x000001926d5c0640 DEOPT PACKING pc=0x0000019207ae275c sp=0x00000073185fe770
Event: 0.354 Thread 0x000001926d5c0640 DEOPT UNPACKING pc=0x00000192075823a3 sp=0x00000073185fe700 mode 2
Event: 0.354 Thread 0x000001926d5c0640 Uncommon trap: trap_request=0xffffff45 fr.pc=0x0000019207ad15f4 relative=0x0000000000000074
Event: 0.354 Thread 0x000001926d5c0640 Uncommon trap: reason=unstable_if action=reinterpret pc=0x0000019207ad15f4 method=java.lang.String.isLatin1()Z @ 10 c2
Event: 0.354 Thread 0x000001926d5c0640 DEOPT PACKING pc=0x0000019207ad15f4 sp=0x00000073185ff120
Event: 0.354 Thread 0x000001926d5c0640 DEOPT UNPACKING pc=0x00000192075823a3 sp=0x00000073185ff060 mode 2
Event: 0.416 Thread 0x000001926d5c0640 Uncommon trap: trap_request=0xffffff45 fr.pc=0x0000019207ae6ce4 relative=0x0000000000000064
Event: 0.416 Thread 0x000001926d5c0640 Uncommon trap: reason=unstable_if action=reinterpret pc=0x0000019207ae6ce4 method=java.io.WinNTFileSystem.isSlash(C)Z @ 9 c2
Event: 0.416 Thread 0x000001926d5c0640 DEOPT PACKING pc=0x0000019207ae6ce4 sp=0x00000073185fde90
Event: 0.416 Thread 0x000001926d5c0640 DEOPT UNPACKING pc=0x00000192075823a3 sp=0x00000073185fde18 mode 2
Event: 0.418 Thread 0x000001926d5c0640 DEOPT PACKING pc=0x0000019200056414 sp=0x00000073185fd350
Event: 0.418 Thread 0x000001926d5c0640 DEOPT UNPACKING pc=0x0000019207582b43 sp=0x00000073185fc810 mode 0
Event: 0.428 Thread 0x000001926d5c0640 DEOPT PACKING pc=0x000001920003ae56 sp=0x00000073185f9b70
Event: 0.428 Thread 0x000001926d5c0640 DEOPT UNPACKING pc=0x0000019207582b43 sp=0x00000073185f8ff8 mode 0
Event: 0.428 Thread 0x000001926d5c0640 DEOPT PACKING pc=0x000001920003ae56 sp=0x00000073185f9af0
Event: 0.428 Thread 0x000001926d5c0640 DEOPT UNPACKING pc=0x0000019207582b43 sp=0x00000073185f8f78 mode 0

Classes unloaded (0 events):
No events

Classes redefined (0 events):
No events

Internal exceptions (2 events):
Event: 0.356 Thread 0x000001927cb0d730 Exception <a 'java/lang/NoSuchMethodError'{0x0000000093a7deb0}: 'java.lang.Object java.lang.invoke.DirectMethodHandle$Holder.invokeStaticInit(java.lang.Object)'> (0x0000000093a7deb0) 
thrown [s\open\src\hotspot\share\interpreter\linkResolver.cpp, line 759]
Event: 0.366 Thread 0x000001927cb0d730 Exception <a 'java/lang/NoSuchMethodError'{0x0000000093a8bb70}: 'void java.lang.invoke.DirectMethodHandle$Holder.invokeStatic(java.lang.Object, java.lang.Object)'> (0x0000000093a8bb70) 
thrown [s\open\src\hotspot\share\interpreter\linkResolver.cpp, line 759]

VM Operations (8 events):
Event: 0.135 Executing VM operation: HandshakeAllThreads
Event: 0.135 Executing VM operation: HandshakeAllThreads done
Event: 0.355 Executing VM operation: HandshakeAllThreads
Event: 0.355 Executing VM operation: HandshakeAllThreads done
Event: 0.408 Executing VM operation: HandshakeAllThreads
Event: 0.408 Executing VM operation: HandshakeAllThreads done
Event: 0.416 Executing VM operation: HandshakeAllThreads
Event: 0.416 Executing VM operation: HandshakeAllThreads done

Events (20 events):
Event: 0.464 loading class sun/nio/ch/ChannelInputStream done
Event: 0.464 loading class sun/security/provider/PolicyParser
Event: 0.465 loading class sun/security/provider/PolicyParser done
Event: 0.465 loading class java/io/StreamTokenizer
Event: 0.465 loading class java/io/StreamTokenizer done
Event: 0.465 loading class java/nio/channels/SelectableChannel
Event: 0.465 loading class java/nio/channels/SelectableChannel done
Event: 0.466 loading class sun/nio/ch/IOStatus
Event: 0.466 loading class sun/nio/ch/IOStatus done
Event: 0.466 loading class sun/security/provider/PolicyParser$GrantEntry
Event: 0.467 loading class sun/security/provider/PolicyParser$GrantEntry done
Event: 0.467 loading class sun/security/provider/PolicyParser$PermissionEntry
Event: 0.467 loading class sun/security/provider/PolicyParser$PermissionEntry done
Event: 0.467 loading class sun/security/util/PropertyExpander
Event: 0.468 loading class sun/security/util/PropertyExpander done
Event: 0.470 loading class java/util/Vector$1
Event: 0.470 loading class java/util/Vector$1 done
Event: 0.470 loading class sun/net/www/protocol/jrt/Handler
Event: 0.471 loading class sun/net/www/protocol/jrt/Handler done
Event: 0.471 loading class sun/security/provider/PolicyFile$PolicyEntry


Dynamic libraries:
0x00007ff709c90000 - 0x00007ff709ca0000 	C:\Program Files\Java\jdk-17\bin\java.exe
0x00007ff83fbf0000 - 0x00007ff83fe07000 	C:\Windows\SYSTEM32\ntdll.dll
0x00007ff83eaf0000 - 0x00007ff83ebb4000 	C:\Windows\System32\KERNEL32.DLL
0x00007ff83d580000 - 0x00007ff83d92c000 	C:\Windows\System32\KERNELBASE.dll
0x00007ff83d200000 - 0x00007ff83d311000 	C:\Windows\System32\ucrtbase.dll
0x00007ff8311a0000 - 0x00007ff8311bb000 	C:\Program Files\Java\jdk-17\bin\VCRUNTIME140.dll
0x00007ff836430000 - 0x00007ff836449000 	C:\Program Files\Java\jdk-17\bin\jli.dll
0x00007ff83ea20000 - 0x00007ff83ead2000 	C:\Windows\System32\ADVAPI32.dll
0x00007ff83db70000 - 0x00007ff83dc17000 	C:\Windows\System32\msvcrt.dll
0x00007ff83f660000 - 0x00007ff83f70a000 	C:\Windows\System32\sechost.dll
0x00007ff83cf20000 - 0x00007ff83cf48000 	C:\Windows\System32\bcrypt.dll
0x00007ff83e580000 - 0x00007ff83e695000 	C:\Windows\System32\RPCRT4.dll
0x00007ff83d960000 - 0x00007ff83db0e000 	C:\Windows\System32\USER32.dll
0x00007ff83d320000 - 0x00007ff83d346000 	C:\Windows\System32\win32u.dll
0x00007ff83d930000 - 0x00007ff83d959000 	C:\Windows\System32\GDI32.dll
0x00007ff83d3c0000 - 0x00007ff83d4d9000 	C:\Windows\System32\gdi32full.dll
0x00007ff808ab0000 - 0x00007ff808d43000 	C:\Windows\WinSxS\amd64_microsoft.windows.common-controls_6595b64144ccf1df_6.0.22621.3672_none_2713b9d173822955\COMCTL32.dll
0x00007ff83d4e0000 - 0x00007ff83d57a000 	C:\Windows\System32\msvcp_win.dll
0x00007ff8373a0000 - 0x00007ff8373aa000 	C:\Windows\SYSTEM32\VERSION.dll
0x00007ff83f050000 - 0x00007ff83f081000 	C:\Windows\System32\IMM32.DLL
0x00007ff837e40000 - 0x00007ff837e4c000 	C:\Program Files\Java\jdk-17\bin\vcruntime140_1.dll
0x00007ff823670000 - 0x00007ff8236fe000 	C:\Program Files\Java\jdk-17\bin\msvcp140.dll
0x00007fffb9840000 - 0x00007fffba41f000 	C:\Program Files\Java\jdk-17\bin\server\jvm.dll
0x00007ff83eae0000 - 0x00007ff83eae8000 	C:\Windows\System32\PSAPI.DLL
0x00007ff838130000 - 0x00007ff838164000 	C:\Windows\SYSTEM32\WINMM.dll
0x00007ff8384e0000 - 0x00007ff8384e9000 	C:\Windows\SYSTEM32\WSOCK32.dll
0x00007ff83e730000 - 0x00007ff83e7a1000 	C:\Windows\System32\WS2_32.dll
0x00007ff83bf20000 - 0x00007ff83bf38000 	C:\Windows\SYSTEM32\kernel.appcore.dll
0x00007ff836640000 - 0x00007ff83664a000 	C:\Program Files\Java\jdk-17\bin\jimage.dll
0x00007ff83a8d0000 - 0x00007ff83ab02000 	C:\Windows\SYSTEM32\DBGHELP.DLL
0x00007ff83f820000 - 0x00007ff83fba8000 	C:\Windows\System32\combase.dll
0x00007ff83ef70000 - 0x00007ff83f047000 	C:\Windows\System32\OLEAUT32.dll
0x00007ff8325a0000 - 0x00007ff8325d2000 	C:\Windows\SYSTEM32\dbgcore.DLL
0x00007ff83cf50000 - 0x00007ff83cfcb000 	C:\Windows\System32\bcryptPrimitives.dll
0x00007ff8256e0000 - 0x00007ff8256ee000 	C:\Program Files\Java\jdk-17\bin\instrument.dll
0x00007ff82b550000 - 0x00007ff82b575000 	C:\Program Files\Java\jdk-17\bin\java.dll
0x00007ff809c40000 - 0x00007ff809d17000 	C:\Program Files\Java\jdk-17\bin\jsvml.dll
0x00007ff83dc20000 - 0x00007ff83e47c000 	C:\Windows\System32\SHELL32.dll
0x00007ff83ae20000 - 0x00007ff83b717000 	C:\Windows\SYSTEM32\windows.storage.dll
0x00007ff83ace0000 - 0x00007ff83ae1f000 	C:\Windows\SYSTEM32\wintypes.dll
0x00007ff83e480000 - 0x00007ff83e574000 	C:\Windows\System32\SHCORE.dll
0x00007ff83db10000 - 0x00007ff83db6e000 	C:\Windows\System32\shlwapi.dll
0x00007ff83ce50000 - 0x00007ff83ce71000 	C:\Windows\SYSTEM32\profapi.dll
0x00007ff82b080000 - 0x00007ff82b098000 	C:\Program Files\Java\jdk-17\bin\zip.dll
0x00007ff82d940000 - 0x00007ff82d959000 	C:\Program Files\Java\jdk-17\bin\net.dll
0x00007ff839680000 - 0x00007ff8397b6000 	C:\Windows\SYSTEM32\WINHTTP.dll
0x00007ff83c3a0000 - 0x00007ff83c409000 	C:\Windows\system32\mswsock.dll
0x00007ff82d690000 - 0x00007ff82d6a6000 	C:\Program Files\Java\jdk-17\bin\nio.dll
0x00007ff8256b0000 - 0x00007ff8256ca000 	D:\Apps\IntelliJ IDEA Community Edition 2024.1.1\bin\breakgen64.dll

dbghelp: loaded successfully - version: 4.0.5 - missing functions: none
symbol engine: initialized successfully - sym options: 0x614 - pdb path: .;C:\Program Files\Java\jdk-17\bin;C:\Windows\SYSTEM32;C:\Windows\WinSxS\amd64_microsoft.windows.common-controls_6595b64144ccf1df_6.0.22621.3672_none_2713b9d173822955;C:\Program Files\Java\jdk-17\bin\server;D:\Apps\IntelliJ IDEA Community Edition 2024.1.1\bin

VM Arguments:
jvm_args: -javaagent:D:\Apps\IntelliJ IDEA Community Edition 2024.1.1\lib\idea_rt.jar=59726:D:\Apps\IntelliJ IDEA Community Edition 2024.1.1\bin -Dfile.encoding=UTF-8 
java_command: com.example.TastyKing.TastyKingApplication
java_class_path (initial): D:\FPT U\FU-SU24\SWP391\TastyKing-main\TastyKing-main\target\classes;C:\Users\tuand\.m2\repository\org\springframework\boot\spring-boot-starter-data-jpa\3.2.6\spring-boot-starter-data-jpa-3.2.6.jar;C:\Users\tuand\.m2\repository\org\springframework\boot\spring-boot-starter-aop\3.2.6\spring-boot-starter-aop-3.2.6.jar;C:\Users\tuand\.m2\repository\org\springframework\spring-aop\6.1.8\spring-aop-6.1.8.jar;C:\Users\tuand\.m2\repository\org\aspectj\aspectjweaver\1.9.22\aspectjweaver-1.9.22.jar;C:\Users\tuand\.m2\repository\org\springframework\boot\spring-boot-starter-jdbc\3.2.6\spring-boot-starter-jdbc-3.2.6.jar;C:\Users\tuand\.m2\repository\com\zaxxer\HikariCP\5.0.1\HikariCP-5.0.1.jar;C:\Users\tuand\.m2\repository\org\springframework\spring-jdbc\6.1.8\spring-jdbc-6.1.8.jar;C:\Users\tuand\.m2\repository\org\hibernate\orm\hibernate-core\6.4.8.Final\hibernate-core-6.4.8.Final.jar;C:\Users\tuand\.m2\repository\jakarta\persistence\jakarta.persistence-api\3.1.0\jakarta.persistence-api-3.1.0.jar;C:\Users\tuand\.m2\repository\jakarta\transaction\jakarta.transaction-api\2.0.1\jakarta.transaction-api-2.0.1.jar;C:\Users\tuand\.m2\repository\org\jboss\logging\jboss-logging\3.5.3.Final\jboss-logging-3.5.3.Final.jar;C:\Users\tuand\.m2\repository\org\hibernate\common\hibernate-commons-annotations\6.0.6.Final\hibernate-commons-annotations-6.0.6.Final.jar;C:\Users\tuand\.m2\repository\io\smallrye\jandex\3.1.2\jandex-3.1.2.jar;C:\Users\tuand\.m2\repository\com\fasterxml\classmate\1.6.0\classmate-1.6.0.jar;C:\Users\tuand\.m2\repository\net\bytebuddy\byte-buddy\1.14.16\byte-buddy-1.14.16.jar;C:\Users\tuand\.m2\repository\org\glassfish\jaxb\jaxb-runtime\4.0.5\jaxb-runtime-4.0.5.jar;C:\Users\tuand\.m2\repository\org\glassfish\jaxb\jaxb-core\4.0.5\jaxb-core-4.0.5.jar;C:\Users\tuand\.m2\repository\org\glassfish\jaxb\txw2\4.0.5\txw2-4.0.5.jar;C:\Users\tuand\.m2\repository\com\sun\istack\istack-commons-runtime\4.1.2\istack-commons-runtime-4.1.2.jar;C:\Users\tuand\.m2\
Launcher Type: SUN_STANDARD

[Global flags]
     intx CICompilerCount                          = 4                                         {product} {ergonomic}
     uint ConcGCThreads                            = 3                                         {product} {ergonomic}
     uint G1ConcRefinementThreads                  = 10                                        {product} {ergonomic}
   size_t G1HeapRegionSize                         = 1048576                                   {product} {ergonomic}
    uintx GCDrainStackTargetSize                   = 64                                        {product} {ergonomic}
   size_t InitialHeapSize                          = 121634816                                 {product} {ergonomic}
   size_t MarkStackSize                            = 4194304                                   {product} {ergonomic}
   size_t MaxHeapSize                              = 1931476992                                {product} {ergonomic}
   size_t MaxNewSize                               = 1158676480                                {product} {ergonomic}
   size_t MinHeapDeltaBytes                        = 1048576                                   {product} {ergonomic}
   size_t MinHeapSize                              = 8388608                                   {product} {ergonomic}
    uintx NonNMethodCodeHeapSize                   = 5839372                                {pd product} {ergonomic}
    uintx NonProfiledCodeHeapSize                  = 122909434                              {pd product} {ergonomic}
    uintx ProfiledCodeHeapSize                     = 122909434                              {pd product} {ergonomic}
    uintx ReservedCodeCacheSize                    = 251658240                              {pd product} {ergonomic}
     bool SegmentedCodeCache                       = true                                      {product} {ergonomic}
   size_t SoftMaxHeapSize                          = 1931476992                             {manageable} {ergonomic}
     bool UseCompressedClassPointers               = true                           {product lp64_product} {ergonomic}
     bool UseCompressedOops                        = true                           {product lp64_product} {ergonomic}
     bool UseG1GC                                  = true                                      {product} {ergonomic}
     bool UseLargePagesIndividualAllocation        = false                                  {pd product} {ergonomic}

Logging:
Log output configuration:
 #0: stdout all=warning uptime,level,tags
 #1: stderr all=off uptime,level,tags

Environment Variables:
JAVA_HOME=C:\Program Files\Java\jdk-17
PATH=C:\Program Files\Common Files\Oracle\Java\javapath;C:\Program Files\Microsoft MPI\Bin\;C:\Program Files (x86)\Common Files\Oracle\Java\javapath;C:\Windows\system32;C:\Windows;C:\Windows\System32\Wbem;C:\Windows\System32\WindowsPowerShell\v1.0\;C:\Windows\System32\OpenSSH\;C:\Program Files (x86)\NVIDIA Corporation\PhysX\Common;C:\Program Files\NVIDIA Corporation\NVIDIA NvDLISR;C:\Program Files (x86)\Microsoft SQL Server\150\DTS\Binn\;C:\Program Files\Microsoft SQL Server\150\DTS\Binn\;C:\Program Files\Microsoft SQL Server\Client SDK\ODBC\170\Tools\Binn\;C:\Program Files (x86)\Microsoft SQL Server\150\Tools\Binn\;C:\Program Files\Microsoft SQL Server\150\Tools\Binn\;C:\Program Files (x86)\Microsoft SQL Server\160\DTS\Binn\;C:\Program Files\Azure Data Studio\bin;C:\Program Files\Cloudflare\Cloudflare WARP\;C:\Program Files\Docker\Docker\resources\bin;D:\Apps\Git\cmd;C:\Users\tuand\AppData\Local\Microsoft\WindowsApps;;D:\Microsoft VS Code\bin;C:\Program Files\Azure Data Studio\bin
USERNAME=tuand
OS=Windows_NT
PROCESSOR_IDENTIFIER=AMD64 Family 25 Model 68 Stepping 1, AuthenticAMD



---------------  S Y S T E M  ---------------

OS:
 Windows 11 , 64 bit Build 22621 (10.0.22621.3672)
OS uptime: 1 days 6:10 hours
Hyper-V role detected

CPU: total 12 (initial active 12) (12 cores per cpu, 2 threads per core) family 25 model 68 stepping 1 microcode 0x0, cx8, cmov, fxsr, ht, mmx, 3dnowpref, sse, sse2, sse3, ssse3, sse4a, sse4.1, sse4.2, popcnt, lzcnt, tsc, tscinvbit, avx, avx2, aes, erms, clmul, bmi1, bmi2, adx, sha, fma, vzeroupper, clflush, clflushopt, hv

Memory: 4k page, system-wide physical 7365M (235M free)
TotalPageFile size 22982M (AvailPageFile size 0M)
current process WorkingSet (physical memory assigned to process): 50M, peak: 50M
current process commit charge ("private bytes"): 208M, peak: 208M

vm_info: Java HotSpot(TM) 64-Bit Server VM (17.0.10+11-LTS-240) for windows-amd64 JRE (17.0.10+11-LTS-240), built on Dec 19 2023 21:47:25 by "mach5one" with MS VC++ 17.1 (VS2022)

END.
